false
true
Starting new Game
'AI V.S. AI' mode
AI A is thinking...
Solve
Node(
	Played: No
	Wins: 0, Draws: 0, Loses: 0, Trials: 0
	MCTS: 0.00
	. . . . 	. . . . 	. . . . 	. . . . 
	. . . . 	. . . . 	. . . . 	. . . . 
	. . . . 	. . . . 	. . . . 	. . . . 
	. . . . 	. . . . 	. . . . 	. . . . )

Node(
	Played: No
	Wins: 567, Draws: 0, Loses: 433, Trials: 1000
	MCTS: 0.59
	. . . . 	. . . . 	. . . . 	. . . . 
	. . . . 	. . . . 	. . . . 	. . . . 
	. . . . 	. . . . 	. . . . 	. . . . 
	. . . . 	. . . . 	. . . . 	. . . . )
	Node(
		Played: Yes
		Wins: 189, Draws: 0, Loses: 126, Trials: 315
		MCTS: 0.64
		. . . . 	. . . . 	. . . . 	. . . . 
		. . . . 	. . . . 	. . . . 	. . . . 
		. . . . 	. . . . 	. . . . 	. . . . 
		w . . . 	. . . . 	. . . . 	. . . . )
	Node(
		Played: Yes
		Wins: 8, Draws: 0, Loses: 10, Trials: 18
		MCTS: 0.63
		. . . . 	. . . . 	. . . . 	. . . . 
		. . . . 	. . . . 	. . . . 	. . . . 
		. . . . 	. . . . 	. . . . 	. . . . 
		. w . . 	. . . . 	. . . . 	. . . . )
	Node(
		Played: Yes
		Wins: 13, Draws: 0, Loses: 14, Trials: 27
		MCTS: 0.63
		. . . . 	. . . . 	. . . . 	. . . . 
		. . . . 	. . . . 	. . . . 	. . . . 
		. . . . 	. . . . 	. . . . 	. . . . 
		. . w . 	. . . . 	. . . . 	. . . . )
	Node(
		Played: Yes
		Wins: 3, Draws: 0, Loses: 6, Trials: 9
		MCTS: 0.60
		. . . . 	. . . . 	. . . . 	. . . . 
		. . . . 	. . . . 	. . . . 	. . . . 
		. . . . 	. . . . 	. . . . 	. . . . 
		. . . w 	. . . . 	. . . . 	. . . . )
	Node(
		Played: Yes
		Wins: 28, Draws: 0, Loses: 25, Trials: 53
		MCTS: 0.64
		. . . . 	. . . . 	. . . . 	. . . . 
		. . . . 	. . . . 	. . . . 	. . . . 
		w . . . 	. . . . 	. . . . 	. . . . 
		. . . . 	. . . . 	. . . . 	. . . . )
	Node(
		Played: Yes
		Wins: 102, Draws: 0, Loses: 73, Trials: 175
		MCTS: 0.64
		. . . . 	. . . . 	. . . . 	. . . . 
		. . . . 	. . . . 	. . . . 	. . . . 
		. w . . 	. . . . 	. . . . 	. . . . 
		. . . . 	. . . . 	. . . . 	. . . . )
	Node(
		Played: Yes
		Wins: 5, Draws: 0, Loses: 7, Trials: 12
		MCTS: 0.64
		. . . . 	. . . . 	. . . . 	. . . . 
		. . . . 	. . . . 	. . . . 	. . . . 
		. . w . 	. . . . 	. . . . 	. . . . 
		. . . . 	. . . . 	. . . . 	. . . . )
	Node(
		Played: Yes
		Wins: 0, Draws: 0, Loses: 2, Trials: 2
		MCTS: 0.56
		. . . . 	. . . . 	. . . . 	. . . . 
		. . . . 	. . . . 	. . . . 	. . . . 
		. . . w 	. . . . 	. . . . 	. . . . 
		. . . . 	. . . . 	. . . . 	. . . . )
	Node(
		Played: Yes
		Wins: 28, Draws: 0, Loses: 25, Trials: 53
		MCTS: 0.64
		. . . . 	. . . . 	. . . . 	. . . . 
		w . . . 	. . . . 	. . . . 	. . . . 
		. . . . 	. . . . 	. . . . 	. . . . 
		. . . . 	. . . . 	. . . . 	. . . . )
	Node(
		Played: Yes
		Wins: 3, Draws: 0, Loses: 6, Trials: 9
		MCTS: 0.60
		. . . . 	. . . . 	. . . . 	. . . . 
		. w . . 	. . . . 	. . . . 	. . . . 
		. . . . 	. . . . 	. . . . 	. . . . 
		. . . . 	. . . . 	. . . . 	. . . . )
	Node(
		Played: Yes
		Wins: 140, Draws: 0, Loses: 89, Trials: 229
		MCTS: 0.66
		. . . . 	. . . . 	. . . . 	. . . . 
		. . w . 	. . . . 	. . . . 	. . . . 
		. . . . 	. . . . 	. . . . 	. . . . 
		. . . . 	. . . . 	. . . . 	. . . . )
	Node(
		Played: Yes
		Wins: 0, Draws: 0, Loses: 2, Trials: 2
		MCTS: 0.56
		. . . . 	. . . . 	. . . . 	. . . . 
		. . . w 	. . . . 	. . . . 	. . . . 
		. . . . 	. . . . 	. . . . 	. . . . 
		. . . . 	. . . . 	. . . . 	. . . . )
	Node(
		Played: Yes
		Wins: 11, Draws: 0, Loses: 12, Trials: 23
		MCTS: 0.64
		w . . . 	. . . . 	. . . . 	. . . . 
		. . . . 	. . . . 	. . . . 	. . . . 
		. . . . 	. . . . 	. . . . 	. . . . 
		. . . . 	. . . . 	. . . . 	. . . . )
	Node(
		Played: Yes
		Wins: 32, Draws: 0, Loses: 27, Trials: 59
		MCTS: 0.65
		. w . . 	. . . . 	. . . . 	. . . . 
		. . . . 	. . . . 	. . . . 	. . . . 
		. . . . 	. . . . 	. . . . 	. . . . 
		. . . . 	. . . . 	. . . . 	. . . . )
	Node(
		Played: Yes
		Wins: 0, Draws: 0, Loses: 2, Trials: 2
		MCTS: 0.56
		. . w . 	. . . . 	. . . . 	. . . . 
		. . . . 	. . . . 	. . . . 	. . . . 
		. . . . 	. . . . 	. . . . 	. . . . 
		. . . . 	. . . . 	. . . . 	. . . . )
	Node(
		Played: Yes
		Wins: 5, Draws: 0, Loses: 7, Trials: 12
		MCTS: 0.64
		. . . w 	. . . . 	. . . . 	. . . . 
		. . . . 	. . . . 	. . . . 	. . . . 
		. . . . 	. . . . 	. . . . 	. . . . 
		. . . . 	. . . . 	. . . . 	. . . . )

+++++Pretty Board+++++
. . . . 	. . . . 	. . . . 	. . . . 
. . . . 	. . . . 	. . . . 	. . . . 
. . . . 	. . . . 	. . . . 	. . . . 
w . . . 	. . . . 	. . . . 	. . . . 
++++++++++++++++++++++
AI B is thinking...
Solve
Node(
	Played: No
	Wins: 0, Draws: 0, Loses: 0, Trials: 0
	MCTS: 0.00
	. . . . 	. . . . 	. . . . 	. . . . 
	. . . . 	. . . . 	. . . . 	. . . . 
	. . . . 	. . . . 	. . . . 	. . . . 
	w . . . 	. . . . 	. . . . 	. . . . )

Node(
	Played: No
	Wins: 454, Draws: 2, Loses: 546, Trials: 1000
	MCTS: 0.48
	. . . . 	. . . . 	. . . . 	. . . . 
	. . . . 	. . . . 	. . . . 	. . . . 
	. . . . 	. . . . 	. . . . 	. . . . 
	w . . . 	. . . . 	. . . . 	. . . . )
	Node(
		Played: Yes
		Wins: 22, Draws: 0, Loses: 32, Trials: 54
		MCTS: 0.51
		. . . . 	. . . . 	. . . . 	. . . . 
		. . . . 	. . . . 	. . . . 	. . . . 
		. . . . 	. . . . 	. . . . 	. . . . 
		w . . . 	b . . . 	. . . . 	. . . . )
	Node(
		Played: Yes
		Wins: 6, Draws: 0, Loses: 12, Trials: 18
		MCTS: 0.52
		. . . . 	. . . . 	. . . . 	. . . . 
		. . . . 	. . . . 	. . . . 	. . . . 
		. . . . 	. . . . 	. . . . 	. . . . 
		w b . . 	. . . . 	. . . . 	. . . . )
	Node(
		Played: Yes
		Wins: 0, Draws: 0, Loses: 3, Trials: 3
		MCTS: 0.46
		. . . . 	. . . . 	. . . . 	. . . . 
		. . . . 	. . . . 	. . . . 	. . . . 
		. . . . 	. . . . 	. . . . 	. . . . 
		w . b . 	. . . . 	. . . . 	. . . . )
	Node(
		Played: Yes
		Wins: 2, Draws: 0, Loses: 7, Trials: 9
		MCTS: 0.49
		. . . . 	. . . . 	. . . . 	. . . . 
		. . . . 	. . . . 	. . . . 	. . . . 
		. . . . 	. . . . 	. . . . 	. . . . 
		w . . b 	. . . . 	. . . . 	. . . . )
	Node(
		Played: Yes
		Wins: 8, Draws: 0, Loses: 15, Trials: 23
		MCTS: 0.51
		. . . . 	. . . . 	. . . . 	. . . . 
		. . . . 	. . . . 	. . . . 	. . . . 
		b . . . 	. . . . 	. . . . 	. . . . 
		w . . . 	. . . . 	. . . . 	. . . . )
	Node(
		Played: Yes
		Wins: 0, Draws: 0, Loses: 3, Trials: 3
		MCTS: 0.46
		. . . . 	. . . . 	. . . . 	. . . . 
		. . . . 	. . . . 	. . . . 	. . . . 
		. b . . 	. . . . 	. . . . 	. . . . 
		w . . . 	. . . . 	. . . . 	. . . . )
	Node(
		Played: Yes
		Wins: 1, Draws: 0, Loses: 5, Trials: 6
		MCTS: 0.49
		. . . . 	. . . . 	. . . . 	. . . . 
		. . . . 	. . . . 	. . . . 	. . . . 
		. . b . 	. . . . 	. . . . 	. . . . 
		w . . . 	. . . . 	. . . . 	. . . . )
	Node(
		Played: Yes
		Wins: 58, Draws: 0, Loses: 71, Trials: 129
		MCTS: 0.52
		. . . . 	. . . . 	. . . . 	. . . . 
		. . . . 	. . . . 	. . . . 	. . . . 
		. . . b 	. . . . 	. . . . 	. . . . 
		w . . . 	. . . . 	. . . . 	. . . . )
	Node(
		Played: Yes
		Wins: 31, Draws: 0, Loses: 42, Trials: 73
		MCTS: 0.52
		. . . . 	. . . . 	. . . . 	. . . . 
		b . . . 	. . . . 	. . . . 	. . . . 
		. . . . 	. . . . 	. . . . 	. . . . 
		w . . . 	. . . . 	. . . . 	. . . . )
	Node(
		Played: Yes
		Wins: 10, Draws: 0, Loses: 17, Trials: 27
		MCTS: 0.52
		. . . . 	. . . . 	. . . . 	. . . . 
		. b . . 	. . . . 	. . . . 	. . . . 
		. . . . 	. . . . 	. . . . 	. . . . 
		w . . . 	. . . . 	. . . . 	. . . . )
	Node(
		Played: Yes
		Wins: 0, Draws: 0, Loses: 3, Trials: 3
		MCTS: 0.46
		. . . . 	. . . . 	. . . . 	. . . . 
		. . b . 	. . . . 	. . . . 	. . . . 
		. . . . 	. . . . 	. . . . 	. . . . 
		w . . . 	. . . . 	. . . . 	. . . . )
	Node(
		Played: Yes
		Wins: 5, Draws: 0, Loses: 11, Trials: 16
		MCTS: 0.51
		. . . . 	. . . . 	. . . . 	. . . . 
		. . . b 	. . . . 	. . . . 	. . . . 
		. . . . 	. . . . 	. . . . 	. . . . 
		w . . . 	. . . . 	. . . . 	. . . . )
	Node(
		Played: Yes
		Wins: 0, Draws: 0, Loses: 3, Trials: 3
		MCTS: 0.46
		b . . . 	. . . . 	. . . . 	. . . . 
		. . . . 	. . . . 	. . . . 	. . . . 
		. . . . 	. . . . 	. . . . 	. . . . 
		w . . . 	. . . . 	. . . . 	. . . . )
	Node(
		Played: Yes
		Wins: 0, Draws: 0, Loses: 3, Trials: 3
		MCTS: 0.46
		. b . . 	. . . . 	. . . . 	. . . . 
		. . . . 	. . . . 	. . . . 	. . . . 
		. . . . 	. . . . 	. . . . 	. . . . 
		w . . . 	. . . . 	. . . . 	. . . . )
	Node(
		Played: Yes
		Wins: 13, Draws: 0, Loses: 21, Trials: 34
		MCTS: 0.52
		. . b . 	. . . . 	. . . . 	. . . . 
		. . . . 	. . . . 	. . . . 	. . . . 
		. . . . 	. . . . 	. . . . 	. . . . 
		w . . . 	. . . . 	. . . . 	. . . . )
	Node(
		Played: Yes
		Wins: 298, Draws: 2, Loses: 298, Trials: 596
		MCTS: 0.53
		. . . b 	. . . . 	. . . . 	. . . . 
		. . . . 	. . . . 	. . . . 	. . . . 
		. . . . 	. . . . 	. . . . 	. . . . 
		w . . . 	. . . . 	. . . . 	. . . . )
		Node(
			Played: Yes
			Wins: 1, Draws: 0, Loses: 2, Trials: 3
			MCTS: 0.79
			. . . b 	. . . . 	. . . . 	. . . . 
			. . . . 	. . . . 	. . . . 	. . . . 
			. . . . 	. . . . 	. . . . 	. . . . 
			w . . . 	w . . . 	. . . . 	. . . . )
		Node(
			Played: Yes
			Wins: 0, Draws: 0, Loses: 1, Trials: 1
			MCTS: 0.79
			. . . b 	. . . . 	. . . . 	. . . . 
			. . . . 	. . . . 	. . . . 	. . . . 
			. . . . 	. . . . 	. . . . 	. . . . 
			w w . . 	. . . . 	. . . . 	. . . . )
		Node(
			Played: Yes
			Wins: 4, Draws: 0, Loses: 3, Trials: 7
			MCTS: 0.87
			. . . b 	. . . . 	. . . . 	. . . . 
			. . . . 	. . . . 	. . . . 	. . . . 
			. . . . 	. . . . 	. . . . 	. . . . 
			w . w . 	. . . . 	. . . . 	. . . . )
		Node(
			Played: Yes
			Wins: 3, Draws: 0, Loses: 3, Trials: 6
			MCTS: 0.82
			. . . b 	. . . . 	. . . . 	. . . . 
			. . . . 	. . . . 	. . . . 	. . . . 
			. . . . 	. . . . 	. . . . 	. . . . 
			w . . w 	. . . . 	. . . . 	. . . . )
		Node(
			Played: Yes
			Wins: 4, Draws: 0, Loses: 3, Trials: 7
			MCTS: 0.87
			. . . b 	. . . . 	. . . . 	. . . . 
			. . . . 	. . . . 	. . . . 	. . . . 
			w . . . 	. . . . 	. . . . 	. . . . 
			w . . . 	. . . . 	. . . . 	. . . . )
		Node(
			Played: Yes
			Wins: 0, Draws: 0, Loses: 1, Trials: 1
			MCTS: 0.79
			. . . b 	. . . . 	. . . . 	. . . . 
			. . . . 	. . . . 	. . . . 	. . . . 
			. w . . 	. . . . 	. . . . 	. . . . 
			w . . . 	. . . . 	. . . . 	. . . . )
		Node(
			Played: Yes
			Wins: 8, Draws: 0, Loses: 4, Trials: 12
			MCTS: 0.89
			. . . b 	. . . . 	. . . . 	. . . . 
			. . . . 	. . . . 	. . . . 	. . . . 
			. . w . 	. . . . 	. . . . 	. . . . 
			w . . . 	. . . . 	. . . . 	. . . . )
		Node(
			Played: Yes
			Wins: 3, Draws: 0, Loses: 3, Trials: 6
			MCTS: 0.82
			. . . b 	. . . . 	. . . . 	. . . . 
			. . . . 	. . . . 	. . . . 	. . . . 
			. . . w 	. . . . 	. . . . 	. . . . 
			w . . . 	. . . . 	. . . . 	. . . . )
		Node(
			Played: Yes
			Wins: 0, Draws: 0, Loses: 1, Trials: 1
			MCTS: 0.79
			. . . b 	. . . . 	. . . . 	. . . . 
			w . . . 	. . . . 	. . . . 	. . . . 
			. . . . 	. . . . 	. . . . 	. . . . 
			w . . . 	. . . . 	. . . . 	. . . . )
		Node(
			Played: Yes
			Wins: 0, Draws: 0, Loses: 1, Trials: 1
			MCTS: 0.79
			. . . b 	. . . . 	. . . . 	. . . . 
			. w . . 	. . . . 	. . . . 	. . . . 
			. . . . 	. . . . 	. . . . 	. . . . 
			w . . . 	. . . . 	. . . . 	. . . . )
		Node(
			Played: Yes
			Wins: 2, Draws: 0, Loses: 3, Trials: 5
			MCTS: 0.75
			. . . b 	. . . . 	. . . . 	. . . . 
			. . w . 	. . . . 	. . . . 	. . . . 
			. . . . 	. . . . 	. . . . 	. . . . 
			w . . . 	. . . . 	. . . . 	. . . . )
		Node(
			Played: Yes
			Wins: 0, Draws: 0, Loses: 1, Trials: 1
			MCTS: 0.79
			. . . b 	. . . . 	. . . . 	. . . . 
			. . . w 	. . . . 	. . . . 	. . . . 
			. . . . 	. . . . 	. . . . 	. . . . 
			w . . . 	. . . . 	. . . . 	. . . . )
		Node(
			Played: Yes
			Wins: 9, Draws: 0, Loses: 5, Trials: 14
			MCTS: 0.85
			w . . b 	. . . . 	. . . . 	. . . . 
			. . . . 	. . . . 	. . . . 	. . . . 
			. . . . 	. . . . 	. . . . 	. . . . 
			w . . . 	. . . . 	. . . . 	. . . . )
		Node(
			Played: Yes
			Wins: 19, Draws: 0, Loses: 8, Trials: 27
			MCTS: 0.86
			. w . b 	. . . . 	. . . . 	. . . . 
			. . . . 	. . . . 	. . . . 	. . . . 
			. . . . 	. . . . 	. . . . 	. . . . 
			w . . . 	. . . . 	. . . . 	. . . . )
		Node(
			Played: Yes
			Wins: 0, Draws: 0, Loses: 1, Trials: 1
			MCTS: 0.79
			. . w b 	. . . . 	. . . . 	. . . . 
			. . . . 	. . . . 	. . . . 	. . . . 
			. . . . 	. . . . 	. . . . 	. . . . 
			w . . . 	. . . . 	. . . . 	. . . . )
		Node(
			Played: Yes
			Wins: 1, Draws: 0, Loses: 2, Trials: 3
			MCTS: 0.79
			. . . b 	. . . w 	. . . . 	. . . . 
			. . . . 	. . . . 	. . . . 	. . . . 
			. . . . 	. . . . 	. . . . 	. . . . 
			w . . . 	. . . . 	. . . . 	. . . . )

+++++Pretty Board+++++
. . . b 	. . . . 	. . . . 	. . . . 
. . . . 	. . . . 	. . . . 	. . . . 
. . . . 	. . . . 	. . . . 	. . . . 
w . . . 	. . . . 	. . . . 	. . . . 
++++++++++++++++++++++
AI A is thinking...
Solve
Node(
	Played: No
	Wins: 0, Draws: 0, Loses: 0, Trials: 0
	MCTS: 0.00
	. . . b 	. . . . 	. . . . 	. . . . 
	. . . . 	. . . . 	. . . . 	. . . . 
	. . . . 	. . . . 	. . . . 	. . . . 
	w . . . 	. . . . 	. . . . 	. . . . )

Node(
	Played: No
	Wins: 583, Draws: 1, Loses: 417, Trials: 1000
	MCTS: 0.61
	. . . b 	. . . . 	. . . . 	. . . . 
	. . . . 	. . . . 	. . . . 	. . . . 
	. . . . 	. . . . 	. . . . 	. . . . 
	w . . . 	. . . . 	. . . . 	. . . . )
	Node(
		Played: Yes
		Wins: 8, Draws: 0, Loses: 9, Trials: 17
		MCTS: 0.66
		. . . b 	. . . . 	. . . . 	. . . . 
		. . . . 	. . . . 	. . . . 	. . . . 
		. . . . 	. . . . 	. . . . 	. . . . 
		w . . . 	w . . . 	. . . . 	. . . . )
	Node(
		Played: Yes
		Wins: 153, Draws: 1, Loses: 96, Trials: 249
		MCTS: 0.66
		. . . b 	. . . . 	. . . . 	. . . . 
		. . . . 	. . . . 	. . . . 	. . . . 
		. . . . 	. . . . 	. . . . 	. . . . 
		w w . . 	. . . . 	. . . . 	. . . . )
	Node(
		Played: Yes
		Wins: 33, Draws: 0, Loses: 26, Trials: 59
		MCTS: 0.66
		. . . b 	. . . . 	. . . . 	. . . . 
		. . . . 	. . . . 	. . . . 	. . . . 
		. . . . 	. . . . 	. . . . 	. . . . 
		w . w . 	. . . . 	. . . . 	. . . . )
	Node(
		Played: Yes
		Wins: 0, Draws: 0, Loses: 2, Trials: 2
		MCTS: 0.56
		. . . b 	. . . . 	. . . . 	. . . . 
		. . . . 	. . . . 	. . . . 	. . . . 
		. . . . 	. . . . 	. . . . 	. . . . 
		w . . w 	. . . . 	. . . . 	. . . . )
	Node(
		Played: Yes
		Wins: 90, Draws: 0, Loses: 54, Trials: 144
		MCTS: 0.69
		. . . b 	. . . . 	. . . . 	. . . . 
		. . . . 	. . . . 	. . . . 	. . . . 
		w . . . 	. . . . 	. . . . 	. . . . 
		w . . . 	. . . . 	. . . . 	. . . . )
	Node(
		Played: Yes
		Wins: 3, Draws: 0, Loses: 5, Trials: 8
		MCTS: 0.65
		. . . b 	. . . . 	. . . . 	. . . . 
		. . . . 	. . . . 	. . . . 	. . . . 
		. w . . 	. . . . 	. . . . 	. . . . 
		w . . . 	. . . . 	. . . . 	. . . . )
	Node(
		Played: Yes
		Wins: 55, Draws: 0, Loses: 40, Trials: 95
		MCTS: 0.66
		. . . b 	. . . . 	. . . . 	. . . . 
		. . . . 	. . . . 	. . . . 	. . . . 
		. . w . 	. . . . 	. . . . 	. . . . 
		w . . . 	. . . . 	. . . . 	. . . . )
	Node(
		Played: Yes
		Wins: 2, Draws: 0, Loses: 4, Trials: 6
		MCTS: 0.66
		. . . b 	. . . . 	. . . . 	. . . . 
		. . . . 	. . . . 	. . . . 	. . . . 
		. . . w 	. . . . 	. . . . 	. . . . 
		w . . . 	. . . . 	. . . . 	. . . . )
	Node(
		Played: Yes
		Wins: 12, Draws: 0, Loses: 12, Trials: 24
		MCTS: 0.66
		. . . b 	. . . . 	. . . . 	. . . . 
		w . . . 	. . . . 	. . . . 	. . . . 
		. . . . 	. . . . 	. . . . 	. . . . 
		w . . . 	. . . . 	. . . . 	. . . . )
	Node(
		Played: Yes
		Wins: 40, Draws: 0, Loses: 31, Trials: 71
		MCTS: 0.66
		. . . b 	. . . . 	. . . . 	. . . . 
		. w . . 	. . . . 	. . . . 	. . . . 
		. . . . 	. . . . 	. . . . 	. . . . 
		w . . . 	. . . . 	. . . . 	. . . . )
	Node(
		Played: Yes
		Wins: 0, Draws: 0, Loses: 2, Trials: 2
		MCTS: 0.56
		. . . b 	. . . . 	. . . . 	. . . . 
		. . w . 	. . . . 	. . . . 	. . . . 
		. . . . 	. . . . 	. . . . 	. . . . 
		w . . . 	. . . . 	. . . . 	. . . . )
	Node(
		Played: Yes
		Wins: 16, Draws: 0, Loses: 15, Trials: 31
		MCTS: 0.66
		. . . b 	. . . . 	. . . . 	. . . . 
		. . . w 	. . . . 	. . . . 	. . . . 
		. . . . 	. . . . 	. . . . 	. . . . 
		w . . . 	. . . . 	. . . . 	. . . . )
	Node(
		Played: Yes
		Wins: 123, Draws: 0, Loses: 79, Trials: 202
		MCTS: 0.66
		w . . b 	. . . . 	. . . . 	. . . . 
		. . . . 	. . . . 	. . . . 	. . . . 
		. . . . 	. . . . 	. . . . 	. . . . 
		w . . . 	. . . . 	. . . . 	. . . . )
	Node(
		Played: Yes
		Wins: 15, Draws: 0, Loses: 14, Trials: 29
		MCTS: 0.66
		. w . b 	. . . . 	. . . . 	. . . . 
		. . . . 	. . . . 	. . . . 	. . . . 
		. . . . 	. . . . 	. . . . 	. . . . 
		w . . . 	. . . . 	. . . . 	. . . . )
	Node(
		Played: Yes
		Wins: 33, Draws: 0, Loses: 26, Trials: 59
		MCTS: 0.66
		. . w b 	. . . . 	. . . . 	. . . . 
		. . . . 	. . . . 	. . . . 	. . . . 
		. . . . 	. . . . 	. . . . 	. . . . 
		w . . . 	. . . . 	. . . . 	. . . . )
	Node(
		Played: Yes
		Wins: 0, Draws: 0, Loses: 2, Trials: 2
		MCTS: 0.56
		. . . b 	. . . w 	. . . . 	. . . . 
		. . . . 	. . . . 	. . . . 	. . . . 
		. . . . 	. . . . 	. . . . 	. . . . 
		w . . . 	. . . . 	. . . . 	. . . . )

+++++Pretty Board+++++
. . . b 	. . . . 	. . . . 	. . . . 
. . . . 	. . . . 	. . . . 	. . . . 
. . . . 	. . . . 	. . . . 	. . . . 
w w . . 	. . . . 	. . . . 	. . . . 
++++++++++++++++++++++
AI B is thinking...
Solve
Node(
	Played: No
	Wins: 0, Draws: 0, Loses: 0, Trials: 0
	MCTS: 0.00
	. . . b 	. . . . 	. . . . 	. . . . 
	. . . . 	. . . . 	. . . . 	. . . . 
	. . . . 	. . . . 	. . . . 	. . . . 
	w w . . 	. . . . 	. . . . 	. . . . )

Node(
	Played: No
	Wins: 438, Draws: 0, Loses: 562, Trials: 1000
	MCTS: 0.46
	. . . b 	. . . . 	. . . . 	. . . . 
	. . . . 	. . . . 	. . . . 	. . . . 
	. . . . 	. . . . 	. . . . 	. . . . 
	w w . . 	. . . . 	. . . . 	. . . . )
	Node(
		Played: Yes
		Wins: 62, Draws: 0, Loses: 76, Trials: 138
		MCTS: 0.52
		. . . b 	. . . . 	. . . . 	. . . . 
		. . . . 	. . . . 	. . . . 	. . . . 
		. . . . 	. . . . 	. . . . 	. . . . 
		w w . . 	b . . . 	. . . . 	. . . . )
	Node(
		Played: Yes
		Wins: 5, Draws: 0, Loses: 11, Trials: 16
		MCTS: 0.51
		. . . b 	. . . . 	. . . . 	. . . . 
		. . . . 	. . . . 	. . . . 	. . . . 
		. . . . 	. . . . 	. . . . 	. . . . 
		w w . . 	. b . . 	. . . . 	. . . . )
	Node(
		Played: Yes
		Wins: 3, Draws: 0, Loses: 8, Trials: 11
		MCTS: 0.51
		. . . b 	. . . . 	. . . . 	. . . . 
		. . . . 	. . . . 	. . . . 	. . . . 
		. . . . 	. . . . 	. . . . 	. . . . 
		w w b . 	. . . . 	. . . . 	. . . . )
	Node(
		Played: Yes
		Wins: 33, Draws: 0, Loses: 31, Trials: 64
		MCTS: 0.61
		. . . b 	. . . . 	. . . . 	. . . . 
		. . . . 	. . . . 	. . . . 	. . . . 
		. . . . 	. . . . 	. . . . 	. . . . 
		w w . b 	. . . . 	. . . . 	. . . . )
	Node(
		Played: Yes
		Wins: 0, Draws: 0, Loses: 3, Trials: 3
		MCTS: 0.46
		. . . b 	. . . . 	. . . . 	. . . . 
		. . . . 	. . . . 	. . . . 	. . . . 
		b . . . 	. . . . 	. . . . 	. . . . 
		w w . . 	. . . . 	. . . . 	. . . . )
	Node(
		Played: Yes
		Wins: 8, Draws: 0, Loses: 15, Trials: 23
		MCTS: 0.51
		. . . b 	. . . . 	. . . . 	. . . . 
		. . . . 	. . . . 	. . . . 	. . . . 
		. b . . 	. . . . 	. . . . 	. . . . 
		w w . . 	. . . . 	. . . . 	. . . . )
	Node(
		Played: Yes
		Wins: 10, Draws: 0, Loses: 18, Trials: 28
		MCTS: 0.51
		. . . b 	. . . . 	. . . . 	. . . . 
		. . . . 	. . . . 	. . . . 	. . . . 
		. . b . 	. . . . 	. . . . 	. . . . 
		w w . . 	. . . . 	. . . . 	. . . . )
	Node(
		Played: Yes
		Wins: 163, Draws: 0, Loses: 180, Trials: 343
		MCTS: 0.52
		. . . b 	. . . . 	. . . . 	. . . . 
		. . . . 	. . . . 	. . . . 	. . . . 
		. . . b 	. . . . 	. . . . 	. . . . 
		w w . . 	. . . . 	. . . . 	. . . . )
	Node(
		Played: Yes
		Wins: 78, Draws: 0, Loses: 94, Trials: 172
		MCTS: 0.51
		. . . b 	. . . . 	. . . . 	. . . . 
		b . . . 	. . . . 	. . . . 	. . . . 
		. . . . 	. . . . 	. . . . 	. . . . 
		w w . . 	. . . . 	. . . . 	. . . . )
	Node(
		Played: Yes
		Wins: 13, Draws: 0, Loses: 21, Trials: 34
		MCTS: 0.52
		. . . b 	. . . . 	. . . . 	. . . . 
		. b . . 	. . . . 	. . . . 	. . . . 
		. . . . 	. . . . 	. . . . 	. . . . 
		w w . . 	. . . . 	. . . . 	. . . . )
	Node(
		Played: Yes
		Wins: 14, Draws: 0, Loses: 23, Trials: 37
		MCTS: 0.51
		. . . b 	. . . . 	. . . . 	. . . . 
		. . b . 	. . . . 	. . . . 	. . . . 
		. . . . 	. . . . 	. . . . 	. . . . 
		w w . . 	. . . . 	. . . . 	. . . . )
	Node(
		Played: Yes
		Wins: 0, Draws: 0, Loses: 3, Trials: 3
		MCTS: 0.46
		. . . b 	. . . . 	. . . . 	. . . . 
		. . . b 	. . . . 	. . . . 	. . . . 
		. . . . 	. . . . 	. . . . 	. . . . 
		w w . . 	. . . . 	. . . . 	. . . . )
	Node(
		Played: Yes
		Wins: 3, Draws: 0, Loses: 8, Trials: 11
		MCTS: 0.51
		b . . b 	. . . . 	. . . . 	. . . . 
		. . . . 	. . . . 	. . . . 	. . . . 
		. . . . 	. . . . 	. . . . 	. . . . 
		w w . . 	. . . . 	. . . . 	. . . . )
	Node(
		Played: Yes
		Wins: 17, Draws: 0, Loses: 26, Trials: 43
		MCTS: 0.52
		. b . b 	. . . . 	. . . . 	. . . . 
		. . . . 	. . . . 	. . . . 	. . . . 
		. . . . 	. . . . 	. . . . 	. . . . 
		w w . . 	. . . . 	. . . . 	. . . . )
	Node(
		Played: Yes
		Wins: 26, Draws: 0, Loses: 37, Trials: 63
		MCTS: 0.51
		. . b b 	. . . . 	. . . . 	. . . . 
		. . . . 	. . . . 	. . . . 	. . . . 
		. . . . 	. . . . 	. . . . 	. . . . 
		w w . . 	. . . . 	. . . . 	. . . . )
	Node(
		Played: Yes
		Wins: 3, Draws: 0, Loses: 8, Trials: 11
		MCTS: 0.51
		. . . b 	. . . b 	. . . . 	. . . . 
		. . . . 	. . . . 	. . . . 	. . . . 
		. . . . 	. . . . 	. . . . 	. . . . 
		w w . . 	. . . . 	. . . . 	. . . . )

+++++Pretty Board+++++
. . . b 	. . . . 	. . . . 	. . . . 
. . . . 	. . . . 	. . . . 	. . . . 
. . . b 	. . . . 	. . . . 	. . . . 
w w . . 	. . . . 	. . . . 	. . . . 
++++++++++++++++++++++
AI A is thinking...
Solve
Node(
	Played: No
	Wins: 0, Draws: 0, Loses: 0, Trials: 0
	MCTS: 0.00
	. . . b 	. . . . 	. . . . 	. . . . 
	. . . . 	. . . . 	. . . . 	. . . . 
	. . . b 	. . . . 	. . . . 	. . . . 
	w w . . 	. . . . 	. . . . 	. . . . )

Node(
	Played: No
	Wins: 599, Draws: 0, Loses: 401, Trials: 1000
	MCTS: 0.62
	. . . b 	. . . . 	. . . . 	. . . . 
	. . . . 	. . . . 	. . . . 	. . . . 
	. . . b 	. . . . 	. . . . 	. . . . 
	w w . . 	. . . . 	. . . . 	. . . . )
	Node(
		Played: Yes
		Wins: 73, Draws: 0, Loses: 49, Trials: 122
		MCTS: 0.67
		. . . b 	. . . . 	. . . . 	. . . . 
		. . . . 	. . . . 	. . . . 	. . . . 
		. . . b 	. . . . 	. . . . 	. . . . 
		w w . . 	w . . . 	. . . . 	. . . . )
	Node(
		Played: Yes
		Wins: 15, Draws: 0, Loses: 14, Trials: 29
		MCTS: 0.66
		. . . b 	. . . . 	. . . . 	. . . . 
		. . . . 	. . . . 	. . . . 	. . . . 
		. . . b 	. . . . 	. . . . 	. . . . 
		w w . . 	. w . . 	. . . . 	. . . . )
	Node(
		Played: Yes
		Wins: 313, Draws: 0, Loses: 181, Trials: 494
		MCTS: 0.67
		. . . b 	. . . . 	. . . . 	. . . . 
		. . . . 	. . . . 	. . . . 	. . . . 
		. . . b 	. . . . 	. . . . 	. . . . 
		w w w . 	. . . . 	. . . . 	. . . . )
	Node(
		Played: Yes
		Wins: 1, Draws: 0, Loses: 3, Trials: 4
		MCTS: 0.64
		. . . b 	. . . . 	. . . . 	. . . . 
		. . . . 	. . . . 	. . . . 	. . . . 
		. . . b 	. . . . 	. . . . 	. . . . 
		w w . w 	. . . . 	. . . . 	. . . . )
	Node(
		Played: Yes
		Wins: 109, Draws: 0, Loses: 70, Trials: 179
		MCTS: 0.67
		. . . b 	. . . . 	. . . . 	. . . . 
		. . . . 	. . . . 	. . . . 	. . . . 
		w . . b 	. . . . 	. . . . 	. . . . 
		w w . . 	. . . . 	. . . . 	. . . . )
	Node(
		Played: Yes
		Wins: 0, Draws: 0, Loses: 2, Trials: 2
		MCTS: 0.56
		. . . b 	. . . . 	. . . . 	. . . . 
		. . . . 	. . . . 	. . . . 	. . . . 
		. w . b 	. . . . 	. . . . 	. . . . 
		w w . . 	. . . . 	. . . . 	. . . . )
	Node(
		Played: Yes
		Wins: 3, Draws: 0, Loses: 5, Trials: 8
		MCTS: 0.65
		. . . b 	. . . . 	. . . . 	. . . . 
		. . . . 	. . . . 	. . . . 	. . . . 
		. . w b 	. . . . 	. . . . 	. . . . 
		w w . . 	. . . . 	. . . . 	. . . . )
	Node(
		Played: Yes
		Wins: 1, Draws: 0, Loses: 3, Trials: 4
		MCTS: 0.64
		. . . b 	. . . . 	. . . . 	. . . . 
		. . . . 	. . . . 	. . . . 	. . . . 
		. . . b 	. . . w 	. . . . 	. . . . 
		w w . . 	. . . . 	. . . . 	. . . . )
	Node(
		Played: Yes
		Wins: 2, Draws: 0, Loses: 4, Trials: 6
		MCTS: 0.66
		. . . b 	. . . . 	. . . . 	. . . . 
		w . . . 	. . . . 	. . . . 	. . . . 
		. . . b 	. . . . 	. . . . 	. . . . 
		w w . . 	. . . . 	. . . . 	. . . . )
	Node(
		Played: Yes
		Wins: 1, Draws: 0, Loses: 3, Trials: 4
		MCTS: 0.64
		. . . b 	. . . . 	. . . . 	. . . . 
		. w . . 	. . . . 	. . . . 	. . . . 
		. . . b 	. . . . 	. . . . 	. . . . 
		w w . . 	. . . . 	. . . . 	. . . . )
	Node(
		Played: Yes
		Wins: 41, Draws: 0, Loses: 31, Trials: 72
		MCTS: 0.66
		. . . b 	. . . . 	. . . . 	. . . . 
		. . w . 	. . . . 	. . . . 	. . . . 
		. . . b 	. . . . 	. . . . 	. . . . 
		w w . . 	. . . . 	. . . . 	. . . . )
	Node(
		Played: Yes
		Wins: 0, Draws: 0, Loses: 2, Trials: 2
		MCTS: 0.56
		. . . b 	. . . . 	. . . . 	. . . . 
		. . . w 	. . . . 	. . . . 	. . . . 
		. . . b 	. . . . 	. . . . 	. . . . 
		w w . . 	. . . . 	. . . . 	. . . . )
	Node(
		Played: Yes
		Wins: 0, Draws: 0, Loses: 2, Trials: 2
		MCTS: 0.56
		w . . b 	. . . . 	. . . . 	. . . . 
		. . . . 	. . . . 	. . . . 	. . . . 
		. . . b 	. . . . 	. . . . 	. . . . 
		w w . . 	. . . . 	. . . . 	. . . . )
	Node(
		Played: Yes
		Wins: 37, Draws: 0, Loses: 25, Trials: 62
		MCTS: 0.70
		. w . b 	. . . . 	. . . . 	. . . . 
		. . . . 	. . . . 	. . . . 	. . . . 
		. . . b 	. . . . 	. . . . 	. . . . 
		w w . . 	. . . . 	. . . . 	. . . . )
	Node(
		Played: Yes
		Wins: 1, Draws: 0, Loses: 3, Trials: 4
		MCTS: 0.64
		. . w b 	. . . . 	. . . . 	. . . . 
		. . . . 	. . . . 	. . . . 	. . . . 
		. . . b 	. . . . 	. . . . 	. . . . 
		w w . . 	. . . . 	. . . . 	. . . . )
	Node(
		Played: Yes
		Wins: 2, Draws: 0, Loses: 4, Trials: 6
		MCTS: 0.66
		. . . b 	. . . w 	. . . . 	. . . . 
		. . . . 	. . . . 	. . . . 	. . . . 
		. . . b 	. . . . 	. . . . 	. . . . 
		w w . . 	. . . . 	. . . . 	. . . . )

+++++Pretty Board+++++
. . . b 	. . . . 	. . . . 	. . . . 
. . . . 	. . . . 	. . . . 	. . . . 
. . . b 	. . . . 	. . . . 	. . . . 
w w w . 	. . . . 	. . . . 	. . . . 
++++++++++++++++++++++
AI B is thinking...
Solve
Node(
	Played: No
	Wins: 0, Draws: 0, Loses: 0, Trials: 0
	MCTS: 0.00
	. . . b 	. . . . 	. . . . 	. . . . 
	. . . . 	. . . . 	. . . . 	. . . . 
	. . . b 	. . . . 	. . . . 	. . . . 
	w w w . 	. . . . 	. . . . 	. . . . )

Node(
	Played: No
	Wins: 607, Draws: 0, Loses: 393, Trials: 1000
	MCTS: 0.63
	. . . b 	. . . . 	. . . . 	. . . . 
	. . . . 	. . . . 	. . . . 	. . . . 
	. . . b 	. . . . 	. . . . 	. . . . 
	w w w . 	. . . . 	. . . . 	. . . . )
	Node(
		Played: Yes
		Wins: 1, Draws: 0, Loses: 3, Trials: 4
		MCTS: 0.64
		. . . b 	. . . . 	. . . . 	. . . . 
		. . . . 	. . . . 	. . . . 	. . . . 
		. . . b 	. . . . 	. . . . 	. . . . 
		w w w . 	b . . . 	. . . . 	. . . . )
	Node(
		Played: Yes
		Wins: 0, Draws: 0, Loses: 2, Trials: 2
		MCTS: 0.56
		. . . b 	. . . . 	. . . . 	. . . . 
		. . . . 	. . . . 	. . . . 	. . . . 
		. . . b 	. . . . 	. . . . 	. . . . 
		w w w . 	. b . . 	. . . . 	. . . . )
	Node(
		Played: Yes
		Wins: 1, Draws: 0, Loses: 3, Trials: 4
		MCTS: 0.64
		. . . b 	. . . . 	. . . . 	. . . . 
		. . . . 	. . . . 	. . . . 	. . . . 
		. . . b 	. . . . 	. . . . 	. . . . 
		w w w . 	. . b . 	. . . . 	. . . . )
	Node(
		Played: Yes
		Wins: 558, Draws: 0, Loses: 312, Trials: 870
		MCTS: 0.67
		. . . b 	. . . . 	. . . . 	. . . . 
		. . . . 	. . . . 	. . . . 	. . . . 
		. . . b 	. . . . 	. . . . 	. . . . 
		w w w b 	. . . . 	. . . . 	. . . . )
		Node(
			Played: Yes
			Wins: 46, Draws: 0, Loses: 19, Trials: 65
			MCTS: 0.81
			. . . b 	. . . . 	. . . . 	. . . . 
			. . . . 	. . . . 	. . . . 	. . . . 
			. . . b 	. . . . 	. . . . 	. . . . 
			w w w b 	w . . . 	. . . . 	. . . . )
		Node(
			Played: Yes
			Wins: 0, Draws: 0, Loses: 1, Trials: 1
			MCTS: 0.79
			. . . b 	. . . . 	. . . . 	. . . . 
			. . . . 	. . . . 	. . . . 	. . . . 
			. . . b 	. . . . 	. . . . 	. . . . 
			w w w b 	. w . . 	. . . . 	. . . . )
		Node(
			Played: Yes
			Wins: 6, Draws: 0, Loses: 5, Trials: 11
			MCTS: 0.78
			. . . b 	. . . . 	. . . . 	. . . . 
			. . . . 	. . . . 	. . . . 	. . . . 
			. . . b 	. . . . 	. . . . 	. . . . 
			w w w b 	. . w . 	. . . . 	. . . . )
		Node(
			Played: Yes
			Wins: 74, Draws: 0, Loses: 29, Trials: 103
			MCTS: 0.80
			. . . b 	. . . . 	. . . . 	. . . . 
			. . . . 	. . . . 	. . . . 	. . . . 
			. . . b 	. . . . 	. . . . 	. . . . 
			w w w b 	. . . w 	. . . . 	. . . . )
		Node(
			Played: Yes
			Wins: 15, Draws: 0, Loses: 9, Trials: 24
			MCTS: 0.79
			. . . b 	. . . . 	. . . . 	. . . . 
			. . . . 	. . . . 	. . . . 	. . . . 
			w . . b 	. . . . 	. . . . 	. . . . 
			w w w b 	. . . . 	. . . . 	. . . . )
		Node(
			Played: Yes
			Wins: 23, Draws: 0, Loses: 12, Trials: 35
			MCTS: 0.79
			. . . b 	. . . . 	. . . . 	. . . . 
			. . . . 	. . . . 	. . . . 	. . . . 
			. w . b 	. . . . 	. . . . 	. . . . 
			w w w b 	. . . . 	. . . . 	. . . . )
		Node(
			Played: Yes
			Wins: 21, Draws: 0, Loses: 11, Trials: 32
			MCTS: 0.80
			. . . b 	. . . . 	. . . . 	. . . . 
			. . . . 	. . . . 	. . . . 	. . . . 
			. . w b 	. . . . 	. . . . 	. . . . 
			w w w b 	. . . . 	. . . . 	. . . . )
		Node(
			Played: Yes
			Wins: 11, Draws: 0, Loses: 7, Trials: 18
			MCTS: 0.80
			. . . b 	. . . . 	. . . . 	. . . . 
			. . . . 	. . . . 	. . . . 	. . . . 
			. . . b 	. . . w 	. . . . 	. . . . 
			w w w b 	. . . . 	. . . . 	. . . . )
		Node(
			Played: Yes
			Wins: 8, Draws: 0, Loses: 6, Trials: 14
			MCTS: 0.78
			. . . b 	. . . . 	. . . . 	. . . . 
			w . . . 	. . . . 	. . . . 	. . . . 
			. . . b 	. . . . 	. . . . 	. . . . 
			w w w b 	. . . . 	. . . . 	. . . . )
		Node(
			Played: Yes
			Wins: 0, Draws: 0, Loses: 1, Trials: 1
			MCTS: 0.79
			. . . b 	. . . . 	. . . . 	. . . . 
			. w . . 	. . . . 	. . . . 	. . . . 
			. . . b 	. . . . 	. . . . 	. . . . 
			w w w b 	. . . . 	. . . . 	. . . . )
		Node(
			Played: Yes
			Wins: 41, Draws: 0, Loses: 18, Trials: 59
			MCTS: 0.80
			. . . b 	. . . . 	. . . . 	. . . . 
			. . w . 	. . . . 	. . . . 	. . . . 
			. . . b 	. . . . 	. . . . 	. . . . 
			w w w b 	. . . . 	. . . . 	. . . . )
		Node(
			Played: Yes
			Wins: 0, Draws: 0, Loses: 1, Trials: 1
			MCTS: 0.79
			. . . b 	. . . . 	. . . . 	. . . . 
			. . . w 	. . . . 	. . . . 	. . . . 
			. . . b 	. . . . 	. . . . 	. . . . 
			w w w b 	. . . . 	. . . . 	. . . . )
		Node(
			Played: Yes
			Wins: 0, Draws: 0, Loses: 1, Trials: 1
			MCTS: 0.79
			w . . b 	. . . . 	. . . . 	. . . . 
			. . . . 	. . . . 	. . . . 	. . . . 
			. . . b 	. . . . 	. . . . 	. . . . 
			w w w b 	. . . . 	. . . . 	. . . . )
		Node(
			Played: Yes
			Wins: 0, Draws: 0, Loses: 1, Trials: 1
			MCTS: 0.79
			. w . b 	. . . . 	. . . . 	. . . . 
			. . . . 	. . . . 	. . . . 	. . . . 
			. . . b 	. . . . 	. . . . 	. . . . 
			w w w b 	. . . . 	. . . . 	. . . . )
		Node(
			Played: Yes
			Wins: 0, Draws: 0, Loses: 1, Trials: 1
			MCTS: 0.79
			. . w b 	. . . . 	. . . . 	. . . . 
			. . . . 	. . . . 	. . . . 	. . . . 
			. . . b 	. . . . 	. . . . 	. . . . 
			w w w b 	. . . . 	. . . . 	. . . . )
		Node(
			Played: Yes
			Wins: 1, Draws: 0, Loses: 2, Trials: 3
			MCTS: 0.79
			. . . b 	. . . w 	. . . . 	. . . . 
			. . . . 	. . . . 	. . . . 	. . . . 
			. . . b 	. . . . 	. . . . 	. . . . 
			w w w b 	. . . . 	. . . . 	. . . . )
	Node(
		Played: Yes
		Wins: 6, Draws: 0, Loses: 8, Trials: 14
		MCTS: 0.64
		. . . b 	. . . . 	. . . . 	. . . . 
		. . . . 	. . . . 	. . . . 	. . . . 
		b . . b 	. . . . 	. . . . 	. . . . 
		w w w . 	. . . . 	. . . . 	. . . . )
	Node(
		Played: Yes
		Wins: 3, Draws: 0, Loses: 6, Trials: 9
		MCTS: 0.60
		. . . b 	. . . . 	. . . . 	. . . . 
		. . . . 	. . . . 	. . . . 	. . . . 
		. b . b 	. . . . 	. . . . 	. . . . 
		w w w . 	. . . . 	. . . . 	. . . . )
	Node(
		Played: Yes
		Wins: 5, Draws: 0, Loses: 8, Trials: 13
		MCTS: 0.60
		. . . b 	. . . . 	. . . . 	. . . . 
		. . . . 	. . . . 	. . . . 	. . . . 
		. . b b 	. . . . 	. . . . 	. . . . 
		w w w . 	. . . . 	. . . . 	. . . . )
	Node(
		Played: Yes
		Wins: 0, Draws: 0, Loses: 2, Trials: 2
		MCTS: 0.56
		. . . b 	. . . . 	. . . . 	. . . . 
		. . . . 	. . . . 	. . . . 	. . . . 
		. . . b 	. . . b 	. . . . 	. . . . 
		w w w . 	. . . . 	. . . . 	. . . . )
	Node(
		Played: Yes
		Wins: 0, Draws: 0, Loses: 2, Trials: 2
		MCTS: 0.56
		. . . b 	. . . . 	. . . . 	. . . . 
		b . . . 	. . . . 	. . . . 	. . . . 
		. . . b 	. . . . 	. . . . 	. . . . 
		w w w . 	. . . . 	. . . . 	. . . . )
	Node(
		Played: Yes
		Wins: 2, Draws: 0, Loses: 5, Trials: 7
		MCTS: 0.58
		. . . b 	. . . . 	. . . . 	. . . . 
		. b . . 	. . . . 	. . . . 	. . . . 
		. . . b 	. . . . 	. . . . 	. . . . 
		w w w . 	. . . . 	. . . . 	. . . . )
	Node(
		Played: Yes
		Wins: 0, Draws: 0, Loses: 2, Trials: 2
		MCTS: 0.56
		. . . b 	. . . . 	. . . . 	. . . . 
		. . b . 	. . . . 	. . . . 	. . . . 
		. . . b 	. . . . 	. . . . 	. . . . 
		w w w . 	. . . . 	. . . . 	. . . . )
	Node(
		Played: Yes
		Wins: 4, Draws: 0, Loses: 7, Trials: 11
		MCTS: 0.60
		. . . b 	. . . . 	. . . . 	. . . . 
		. . . b 	. . . . 	. . . . 	. . . . 
		. . . b 	. . . . 	. . . . 	. . . . 
		w w w . 	. . . . 	. . . . 	. . . . )
	Node(
		Played: Yes
		Wins: 14, Draws: 0, Loses: 15, Trials: 29
		MCTS: 0.63
		b . . b 	. . . . 	. . . . 	. . . . 
		. . . . 	. . . . 	. . . . 	. . . . 
		. . . b 	. . . . 	. . . . 	. . . . 
		w w w . 	. . . . 	. . . . 	. . . . )
	Node(
		Played: Yes
		Wins: 12, Draws: 0, Loses: 13, Trials: 25
		MCTS: 0.64
		. b . b 	. . . . 	. . . . 	. . . . 
		. . . . 	. . . . 	. . . . 	. . . . 
		. . . b 	. . . . 	. . . . 	. . . . 
		w w w . 	. . . . 	. . . . 	. . . . )
	Node(
		Played: Yes
		Wins: 1, Draws: 0, Loses: 3, Trials: 4
		MCTS: 0.64
		. . b b 	. . . . 	. . . . 	. . . . 
		. . . . 	. . . . 	. . . . 	. . . . 
		. . . b 	. . . . 	. . . . 	. . . . 
		w w w . 	. . . . 	. . . . 	. . . . )
	Node(
		Played: Yes
		Wins: 0, Draws: 0, Loses: 2, Trials: 2
		MCTS: 0.56
		. . . b 	. . . b 	. . . . 	. . . . 
		. . . . 	. . . . 	. . . . 	. . . . 
		. . . b 	. . . . 	. . . . 	. . . . 
		w w w . 	. . . . 	. . . . 	. . . . )

+++++Pretty Board+++++
. . . b 	. . . . 	. . . . 	. . . . 
. . . . 	. . . . 	. . . . 	. . . . 
. . . b 	. . . . 	. . . . 	. . . . 
w w w b 	. . . . 	. . . . 	. . . . 
++++++++++++++++++++++
AI A is thinking...
Solve
Node(
	Played: No
	Wins: 0, Draws: 0, Loses: 0, Trials: 0
	MCTS: 0.00
	. . . b 	. . . . 	. . . . 	. . . . 
	. . . . 	. . . . 	. . . . 	. . . . 
	. . . b 	. . . . 	. . . . 	. . . . 
	w w w b 	. . . . 	. . . . 	. . . . )

Node(
	Played: No
	Wins: 532, Draws: 2, Loses: 468, Trials: 1000
	MCTS: 0.56
	. . . b 	. . . . 	. . . . 	. . . . 
	. . . . 	. . . . 	. . . . 	. . . . 
	. . . b 	. . . . 	. . . . 	. . . . 
	w w w b 	. . . . 	. . . . 	. . . . )
	Node(
		Played: Yes
		Wins: 30, Draws: 0, Loses: 36, Trials: 66
		MCTS: 0.55
		. . . b 	. . . . 	. . . . 	. . . . 
		. . . . 	. . . . 	. . . . 	. . . . 
		. . . b 	. . . . 	. . . . 	. . . . 
		w w w b 	w . . . 	. . . . 	. . . . )
	Node(
		Played: Yes
		Wins: 0, Draws: 0, Loses: 2, Trials: 2
		MCTS: 0.56
		. . . b 	. . . . 	. . . . 	. . . . 
		. . . . 	. . . . 	. . . . 	. . . . 
		. . . b 	. . . . 	. . . . 	. . . . 
		w w w b 	. w . . 	. . . . 	. . . . )
	Node(
		Played: Yes
		Wins: 0, Draws: 0, Loses: 2, Trials: 2
		MCTS: 0.56
		. . . b 	. . . . 	. . . . 	. . . . 
		. . . . 	. . . . 	. . . . 	. . . . 
		. . . b 	. . . . 	. . . . 	. . . . 
		w w w b 	. . w . 	. . . . 	. . . . )
	Node(
		Played: Yes
		Wins: 0, Draws: 0, Loses: 2, Trials: 2
		MCTS: 0.56
		. . . b 	. . . . 	. . . . 	. . . . 
		. . . . 	. . . . 	. . . . 	. . . . 
		. . . b 	. . . . 	. . . . 	. . . . 
		w w w b 	. . . w 	. . . . 	. . . . )
	Node(
		Played: Yes
		Wins: 0, Draws: 0, Loses: 2, Trials: 2
		MCTS: 0.56
		. . . b 	. . . . 	. . . . 	. . . . 
		. . . . 	. . . . 	. . . . 	. . . . 
		w . . b 	. . . . 	. . . . 	. . . . 
		w w w b 	. . . . 	. . . . 	. . . . )
	Node(
		Played: Yes
		Wins: 2, Draws: 0, Loses: 6, Trials: 8
		MCTS: 0.53
		. . . b 	. . . . 	. . . . 	. . . . 
		. . . . 	. . . . 	. . . . 	. . . . 
		. w . b 	. . . . 	. . . . 	. . . . 
		w w w b 	. . . . 	. . . . 	. . . . )
	Node(
		Played: Yes
		Wins: 0, Draws: 0, Loses: 2, Trials: 2
		MCTS: 0.56
		. . . b 	. . . . 	. . . . 	. . . . 
		. . . . 	. . . . 	. . . . 	. . . . 
		. . w b 	. . . . 	. . . . 	. . . . 
		w w w b 	. . . . 	. . . . 	. . . . )
	Node(
		Played: Yes
		Wins: 5, Draws: 0, Loses: 9, Trials: 14
		MCTS: 0.57
		. . . b 	. . . . 	. . . . 	. . . . 
		. . . . 	. . . . 	. . . . 	. . . . 
		. . . b 	. . . w 	. . . . 	. . . . 
		w w w b 	. . . . 	. . . . 	. . . . )
	Node(
		Played: Yes
		Wins: 0, Draws: 0, Loses: 2, Trials: 2
		MCTS: 0.56
		. . . b 	. . . . 	. . . . 	. . . . 
		w . . . 	. . . . 	. . . . 	. . . . 
		. . . b 	. . . . 	. . . . 	. . . . 
		w w w b 	. . . . 	. . . . 	. . . . )
	Node(
		Played: Yes
		Wins: 1, Draws: 0, Loses: 4, Trials: 5
		MCTS: 0.55
		. . . b 	. . . . 	. . . . 	. . . . 
		. w . . 	. . . . 	. . . . 	. . . . 
		. . . b 	. . . . 	. . . . 	. . . . 
		w w w b 	. . . . 	. . . . 	. . . . )
	Node(
		Played: Yes
		Wins: 0, Draws: 0, Loses: 2, Trials: 2
		MCTS: 0.56
		. . . b 	. . . . 	. . . . 	. . . . 
		. . w . 	. . . . 	. . . . 	. . . . 
		. . . b 	. . . . 	. . . . 	. . . . 
		w w w b 	. . . . 	. . . . 	. . . . )
	Node(
		Played: Yes
		Wins: 479, Draws: 2, Loses: 370, Trials: 849
		MCTS: 0.59
		. . . b 	. . . . 	. . . . 	. . . . 
		. . . w 	. . . . 	. . . . 	. . . . 
		. . . b 	. . . . 	. . . . 	. . . . 
		w w w b 	. . . . 	. . . . 	. . . . )
		Node(
			Played: Yes
			Wins: 17, Draws: 0, Loses: 9, Trials: 26
			MCTS: 0.81
			. . . b 	. . . . 	. . . . 	. . . . 
			. . . w 	. . . . 	. . . . 	. . . . 
			. . . b 	. . . . 	. . . . 	. . . . 
			w w w b 	b . . . 	. . . . 	. . . . )
		Node(
			Played: Yes
			Wins: 50, Draws: 0, Loses: 26, Trials: 76
			MCTS: 0.75
			. . . b 	. . . . 	. . . . 	. . . . 
			. . . w 	. . . . 	. . . . 	. . . . 
			. . . b 	. . . . 	. . . . 	. . . . 
			w w w b 	. b . . 	. . . . 	. . . . )
		Node(
			Played: Yes
			Wins: 16, Draws: 0, Loses: 11, Trials: 27
			MCTS: 0.74
			. . . b 	. . . . 	. . . . 	. . . . 
			. . . w 	. . . . 	. . . . 	. . . . 
			. . . b 	. . . . 	. . . . 	. . . . 
			w w w b 	. . b . 	. . . . 	. . . . )
		Node(
			Played: Yes
			Wins: 19, Draws: 0, Loses: 13, Trials: 32
			MCTS: 0.73
			. . . b 	. . . . 	. . . . 	. . . . 
			. . . w 	. . . . 	. . . . 	. . . . 
			. . . b 	. . . . 	. . . . 	. . . . 
			w w w b 	. . . b 	. . . . 	. . . . )
		Node(
			Played: Yes
			Wins: 2, Draws: 0, Loses: 3, Trials: 5
			MCTS: 0.75
			. . . b 	. . . . 	. . . . 	. . . . 
			. . . w 	. . . . 	. . . . 	. . . . 
			b . . b 	. . . . 	. . . . 	. . . . 
			w w w b 	. . . . 	. . . . 	. . . . )
		Node(
			Played: Yes
			Wins: 1, Draws: 0, Loses: 3, Trials: 4
			MCTS: 0.64
			. . . b 	. . . . 	. . . . 	. . . . 
			. . . w 	. . . . 	. . . . 	. . . . 
			. b . b 	. . . . 	. . . . 	. . . . 
			w w w b 	. . . . 	. . . . 	. . . . )
		Node(
			Played: Yes
			Wins: 2, Draws: 0, Loses: 3, Trials: 5
			MCTS: 0.75
			. . . b 	. . . . 	. . . . 	. . . . 
			. . . w 	. . . . 	. . . . 	. . . . 
			. . b b 	. . . . 	. . . . 	. . . . 
			w w w b 	. . . . 	. . . . 	. . . . )
		Node(
			Played: Yes
			Wins: 0, Draws: 0, Loses: 2, Trials: 2
			MCTS: 0.56
			. . . b 	. . . . 	. . . . 	. . . . 
			. . . w 	. . . . 	. . . . 	. . . . 
			. . . b 	. . . b 	. . . . 	. . . . 
			w w w b 	. . . . 	. . . . 	. . . . )
		Node(
			Played: Yes
			Wins: 12, Draws: 0, Loses: 9, Trials: 21
			MCTS: 0.74
			. . . b 	. . . . 	. . . . 	. . . . 
			b . . w 	. . . . 	. . . . 	. . . . 
			. . . b 	. . . . 	. . . . 	. . . . 
			w w w b 	. . . . 	. . . . 	. . . . )
		Node(
			Played: Yes
			Wins: 1, Draws: 0, Loses: 3, Trials: 4
			MCTS: 0.64
			. . . b 	. . . . 	. . . . 	. . . . 
			. b . w 	. . . . 	. . . . 	. . . . 
			. . . b 	. . . . 	. . . . 	. . . . 
			w w w b 	. . . . 	. . . . 	. . . . )
		Node(
			Played: Yes
			Wins: 24, Draws: 0, Loses: 15, Trials: 39
			MCTS: 0.74
			. . . b 	. . . . 	. . . . 	. . . . 
			. . b w 	. . . . 	. . . . 	. . . . 
			. . . b 	. . . . 	. . . . 	. . . . 
			w w w b 	. . . . 	. . . . 	. . . . )
		Node(
			Played: Yes
			Wins: 4, Draws: 0, Loses: 5, Trials: 9
			MCTS: 0.71
			. . . b 	. . . . 	. . . . 	. . . . 
			. . . w 	. . . b 	. . . . 	. . . . 
			. . . b 	. . . . 	. . . . 	. . . . 
			w w w b 	. . . . 	. . . . 	. . . . )
		Node(
			Played: Yes
			Wins: 43, Draws: 0, Loses: 23, Trials: 66
			MCTS: 0.75
			b . . b 	. . . . 	. . . . 	. . . . 
			. . . w 	. . . . 	. . . . 	. . . . 
			. . . b 	. . . . 	. . . . 	. . . . 
			w w w b 	. . . . 	. . . . 	. . . . )
		Node(
			Played: Yes
			Wins: 1, Draws: 0, Loses: 3, Trials: 4
			MCTS: 0.64
			. b . b 	. . . . 	. . . . 	. . . . 
			. . . w 	. . . . 	. . . . 	. . . . 
			. . . b 	. . . . 	. . . . 	. . . . 
			w w w b 	. . . . 	. . . . 	. . . . )
		Node(
			Played: Yes
			Wins: 0, Draws: 0, Loses: 2, Trials: 2
			MCTS: 0.56
			. . b b 	. . . . 	. . . . 	. . . . 
			. . . w 	. . . . 	. . . . 	. . . . 
			. . . b 	. . . . 	. . . . 	. . . . 
			w w w b 	. . . . 	. . . . 	. . . . )
		Node(
			Played: Yes
			Wins: 16, Draws: 0, Loses: 11, Trials: 27
			MCTS: 0.74
			. . . b 	. . . b 	. . . . 	. . . . 
			. . . w 	. . . . 	. . . . 	. . . . 
			. . . b 	. . . . 	. . . . 	. . . . 
			w w w b 	. . . . 	. . . . 	. . . . )
	Node(
		Played: Yes
		Wins: 0, Draws: 0, Loses: 2, Trials: 2
		MCTS: 0.56
		w . . b 	. . . . 	. . . . 	. . . . 
		. . . . 	. . . . 	. . . . 	. . . . 
		. . . b 	. . . . 	. . . . 	. . . . 
		w w w b 	. . . . 	. . . . 	. . . . )
	Node(
		Played: Yes
		Wins: 0, Draws: 0, Loses: 2, Trials: 2
		MCTS: 0.56
		. w . b 	. . . . 	. . . . 	. . . . 
		. . . . 	. . . . 	. . . . 	. . . . 
		. . . b 	. . . . 	. . . . 	. . . . 
		w w w b 	. . . . 	. . . . 	. . . . )
	Node(
		Played: Yes
		Wins: 7, Draws: 0, Loses: 12, Trials: 19
		MCTS: 0.55
		. . w b 	. . . . 	. . . . 	. . . . 
		. . . . 	. . . . 	. . . . 	. . . . 
		. . . b 	. . . . 	. . . . 	. . . . 
		w w w b 	. . . . 	. . . . 	. . . . )
	Node(
		Played: Yes
		Wins: 8, Draws: 0, Loses: 13, Trials: 21
		MCTS: 0.55
		. . . b 	. . . w 	. . . . 	. . . . 
		. . . . 	. . . . 	. . . . 	. . . . 
		. . . b 	. . . . 	. . . . 	. . . . 
		w w w b 	. . . . 	. . . . 	. . . . )

+++++Pretty Board+++++
. . . b 	. . . . 	. . . . 	. . . . 
. . . w 	. . . . 	. . . . 	. . . . 
. . . b 	. . . . 	. . . . 	. . . . 
w w w b 	. . . . 	. . . . 	. . . . 
++++++++++++++++++++++
AI B is thinking...
Solve
Node(
	Played: No
	Wins: 0, Draws: 0, Loses: 0, Trials: 0
	MCTS: 0.00
	. . . b 	. . . . 	. . . . 	. . . . 
	. . . w 	. . . . 	. . . . 	. . . . 
	. . . b 	. . . . 	. . . . 	. . . . 
	w w w b 	. . . . 	. . . . 	. . . . )

Node(
	Played: No
	Wins: 460, Draws: 2, Loses: 540, Trials: 1000
	MCTS: 0.48
	. . . b 	. . . . 	. . . . 	. . . . 
	. . . w 	. . . . 	. . . . 	. . . . 
	. . . b 	. . . . 	. . . . 	. . . . 
	w w w b 	. . . . 	. . . . 	. . . . )
	Node(
		Played: Yes
		Wins: 1, Draws: 0, Loses: 5, Trials: 6
		MCTS: 0.49
		. . . b 	. . . . 	. . . . 	. . . . 
		. . . w 	. . . . 	. . . . 	. . . . 
		. . . b 	. . . . 	. . . . 	. . . . 
		w w w b 	b . . . 	. . . . 	. . . . )
	Node(
		Played: Yes
		Wins: 0, Draws: 0, Loses: 3, Trials: 3
		MCTS: 0.46
		. . . b 	. . . . 	. . . . 	. . . . 
		. . . w 	. . . . 	. . . . 	. . . . 
		. . . b 	. . . . 	. . . . 	. . . . 
		w w w b 	. b . . 	. . . . 	. . . . )
	Node(
		Played: Yes
		Wins: 11, Draws: 0, Loses: 17, Trials: 28
		MCTS: 0.54
		. . . b 	. . . . 	. . . . 	. . . . 
		. . . w 	. . . . 	. . . . 	. . . . 
		. . . b 	. . . . 	. . . . 	. . . . 
		w w w b 	. . b . 	. . . . 	. . . . )
	Node(
		Played: Yes
		Wins: 111, Draws: 1, Loses: 115, Trials: 226
		MCTS: 0.54
		. . . b 	. . . . 	. . . . 	. . . . 
		. . . w 	. . . . 	. . . . 	. . . . 
		. . . b 	. . . . 	. . . . 	. . . . 
		w w w b 	. . . b 	. . . . 	. . . . )
	Node(
		Played: Yes
		Wins: 14, Draws: 0, Loses: 21, Trials: 35
		MCTS: 0.53
		. . . b 	. . . . 	. . . . 	. . . . 
		. . . w 	. . . . 	. . . . 	. . . . 
		b . . b 	. . . . 	. . . . 	. . . . 
		w w w b 	. . . . 	. . . . 	. . . . )
	Node(
		Played: Yes
		Wins: 1, Draws: 0, Loses: 5, Trials: 6
		MCTS: 0.49
		. . . b 	. . . . 	. . . . 	. . . . 
		. . . w 	. . . . 	. . . . 	. . . . 
		. b . b 	. . . . 	. . . . 	. . . . 
		w w w b 	. . . . 	. . . . 	. . . . )
	Node(
		Played: Yes
		Wins: 38, Draws: 0, Loses: 44, Trials: 82
		MCTS: 0.55
		. . . b 	. . . . 	. . . . 	. . . . 
		. . . w 	. . . . 	. . . . 	. . . . 
		. . b b 	. . . . 	. . . . 	. . . . 
		w w w b 	. . . . 	. . . . 	. . . . )
	Node(
		Played: Yes
		Wins: 0, Draws: 0, Loses: 3, Trials: 3
		MCTS: 0.46
		. . . b 	. . . . 	. . . . 	. . . . 
		. . . w 	. . . . 	. . . . 	. . . . 
		. . . b 	. . . b 	. . . . 	. . . . 
		w w w b 	. . . . 	. . . . 	. . . . )
	Node(
		Played: Yes
		Wins: 77, Draws: 1, Loses: 83, Trials: 160
		MCTS: 0.54
		. . . b 	. . . . 	. . . . 	. . . . 
		b . . w 	. . . . 	. . . . 	. . . . 
		. . . b 	. . . . 	. . . . 	. . . . 
		w w w b 	. . . . 	. . . . 	. . . . )
	Node(
		Played: Yes
		Wins: 49, Draws: 0, Loses: 56, Trials: 105
		MCTS: 0.54
		. . . b 	. . . . 	. . . . 	. . . . 
		. b . w 	. . . . 	. . . . 	. . . . 
		. . . b 	. . . . 	. . . . 	. . . . 
		w w w b 	. . . . 	. . . . 	. . . . )
	Node(
		Played: Yes
		Wins: 80, Draws: 0, Loses: 86, Trials: 166
		MCTS: 0.54
		. . . b 	. . . . 	. . . . 	. . . . 
		. . b w 	. . . . 	. . . . 	. . . . 
		. . . b 	. . . . 	. . . . 	. . . . 
		w w w b 	. . . . 	. . . . 	. . . . )
	Node(
		Played: Yes
		Wins: 0, Draws: 0, Loses: 3, Trials: 3
		MCTS: 0.46
		. . . b 	. . . . 	. . . . 	. . . . 
		. . . w 	. . . b 	. . . . 	. . . . 
		. . . b 	. . . . 	. . . . 	. . . . 
		w w w b 	. . . . 	. . . . 	. . . . )
	Node(
		Played: Yes
		Wins: 22, Draws: 0, Loses: 29, Trials: 51
		MCTS: 0.54
		b . . b 	. . . . 	. . . . 	. . . . 
		. . . w 	. . . . 	. . . . 	. . . . 
		. . . b 	. . . . 	. . . . 	. . . . 
		w w w b 	. . . . 	. . . . 	. . . . )
	Node(
		Played: Yes
		Wins: 0, Draws: 0, Loses: 3, Trials: 3
		MCTS: 0.46
		. b . b 	. . . . 	. . . . 	. . . . 
		. . . w 	. . . . 	. . . . 	. . . . 
		. . . b 	. . . . 	. . . . 	. . . . 
		w w w b 	. . . . 	. . . . 	. . . . )
	Node(
		Played: Yes
		Wins: 2, Draws: 0, Loses: 6, Trials: 8
		MCTS: 0.53
		. . b b 	. . . . 	. . . . 	. . . . 
		. . . w 	. . . . 	. . . . 	. . . . 
		. . . b 	. . . . 	. . . . 	. . . . 
		w w w b 	. . . . 	. . . . 	. . . . )
	Node(
		Played: Yes
		Wins: 54, Draws: 0, Loses: 61, Trials: 115
		MCTS: 0.54
		. . . b 	. . . b 	. . . . 	. . . . 
		. . . w 	. . . . 	. . . . 	. . . . 
		. . . b 	. . . . 	. . . . 	. . . . 
		w w w b 	. . . . 	. . . . 	. . . . )

+++++Pretty Board+++++
. . . b 	. . . . 	. . . . 	. . . . 
. . . w 	. . . . 	. . . . 	. . . . 
. . . b 	. . . . 	. . . . 	. . . . 
w w w b 	. . . b 	. . . . 	. . . . 
++++++++++++++++++++++
AI A is thinking...
Solve
Node(
	Played: No
	Wins: 0, Draws: 0, Loses: 0, Trials: 0
	MCTS: 0.00
	. . . b 	. . . . 	. . . . 	. . . . 
	. . . w 	. . . . 	. . . . 	. . . . 
	. . . b 	. . . . 	. . . . 	. . . . 
	w w w b 	. . . b 	. . . . 	. . . . )

Node(
	Played: No
	Wins: 543, Draws: 1, Loses: 457, Trials: 1000
	MCTS: 0.57
	. . . b 	. . . . 	. . . . 	. . . . 
	. . . w 	. . . . 	. . . . 	. . . . 
	. . . b 	. . . . 	. . . . 	. . . . 
	w w w b 	. . . b 	. . . . 	. . . . )
	Node(
		Played: Yes
		Wins: 139, Draws: 1, Loses: 101, Trials: 240
		MCTS: 0.63
		. . . b 	. . . . 	. . . . 	. . . . 
		. . . w 	. . . . 	. . . . 	. . . . 
		. . . b 	. . . . 	. . . . 	. . . . 
		w w w b 	w . . b 	. . . . 	. . . . )
	Node(
		Played: Yes
		Wins: 0, Draws: 0, Loses: 2, Trials: 2
		MCTS: 0.56
		. . . b 	. . . . 	. . . . 	. . . . 
		. . . w 	. . . . 	. . . . 	. . . . 
		. . . b 	. . . . 	. . . . 	. . . . 
		w w w b 	. w . b 	. . . . 	. . . . )
	Node(
		Played: Yes
		Wins: 48, Draws: 0, Loses: 40, Trials: 88
		MCTS: 0.63
		. . . b 	. . . . 	. . . . 	. . . . 
		. . . w 	. . . . 	. . . . 	. . . . 
		. . . b 	. . . . 	. . . . 	. . . . 
		w w w b 	. . w b 	. . . . 	. . . . )
	Node(
		Played: Yes
		Wins: 6, Draws: 0, Loses: 9, Trials: 15
		MCTS: 0.60
		. . . b 	. . . . 	. . . . 	. . . . 
		. . . w 	. . . . 	. . . . 	. . . . 
		. . . b 	. . . . 	. . . . 	. . . . 
		w w w b 	. . . b 	. . . w 	. . . . )
	Node(
		Played: Yes
		Wins: 64, Draws: 0, Loses: 51, Trials: 115
		MCTS: 0.63
		. . . b 	. . . . 	. . . . 	. . . . 
		. . . w 	. . . . 	. . . . 	. . . . 
		w . . b 	. . . . 	. . . . 	. . . . 
		w w w b 	. . . b 	. . . . 	. . . . )
	Node(
		Played: Yes
		Wins: 34, Draws: 0, Loses: 30, Trials: 64
		MCTS: 0.63
		. . . b 	. . . . 	. . . . 	. . . . 
		. . . w 	. . . . 	. . . . 	. . . . 
		. w . b 	. . . . 	. . . . 	. . . . 
		w w w b 	. . . b 	. . . . 	. . . . )
	Node(
		Played: Yes
		Wins: 91, Draws: 0, Loses: 70, Trials: 161
		MCTS: 0.63
		. . . b 	. . . . 	. . . . 	. . . . 
		. . . w 	. . . . 	. . . . 	. . . . 
		. . w b 	. . . . 	. . . . 	. . . . 
		w w w b 	. . . b 	. . . . 	. . . . )
	Node(
		Played: Yes
		Wins: 9, Draws: 0, Loses: 11, Trials: 20
		MCTS: 0.63
		. . . b 	. . . . 	. . . . 	. . . . 
		. . . w 	. . . . 	. . . . 	. . . . 
		. . . b 	. . . w 	. . . . 	. . . . 
		w w w b 	. . . b 	. . . . 	. . . . )
	Node(
		Played: Yes
		Wins: 24, Draws: 0, Loses: 23, Trials: 47
		MCTS: 0.63
		. . . b 	. . . . 	. . . . 	. . . . 
		w . . w 	. . . . 	. . . . 	. . . . 
		. . . b 	. . . . 	. . . . 	. . . . 
		w w w b 	. . . b 	. . . . 	. . . . )
	Node(
		Played: Yes
		Wins: 47, Draws: 0, Loses: 34, Trials: 81
		MCTS: 0.67
		. . . b 	. . . . 	. . . . 	. . . . 
		. w . w 	. . . . 	. . . . 	. . . . 
		. . . b 	. . . . 	. . . . 	. . . . 
		w w w b 	. . . b 	. . . . 	. . . . )
	Node(
		Played: Yes
		Wins: 10, Draws: 0, Loses: 12, Trials: 22
		MCTS: 0.62
		. . . b 	. . . . 	. . . . 	. . . . 
		. . w w 	. . . . 	. . . . 	. . . . 
		. . . b 	. . . . 	. . . . 	. . . . 
		w w w b 	. . . b 	. . . . 	. . . . )
	Node(
		Played: Yes
		Wins: 29, Draws: 0, Loses: 27, Trials: 56
		MCTS: 0.62
		. . . b 	. . . . 	. . . . 	. . . . 
		. . . w 	. . . w 	. . . . 	. . . . 
		. . . b 	. . . . 	. . . . 	. . . . 
		w w w b 	. . . b 	. . . . 	. . . . )
	Node(
		Played: Yes
		Wins: 7, Draws: 0, Loses: 10, Trials: 17
		MCTS: 0.60
		w . . b 	. . . . 	. . . . 	. . . . 
		. . . w 	. . . . 	. . . . 	. . . . 
		. . . b 	. . . . 	. . . . 	. . . . 
		w w w b 	. . . b 	. . . . 	. . . . )
	Node(
		Played: Yes
		Wins: 33, Draws: 0, Loses: 30, Trials: 63
		MCTS: 0.62
		. w . b 	. . . . 	. . . . 	. . . . 
		. . . w 	. . . . 	. . . . 	. . . . 
		. . . b 	. . . . 	. . . . 	. . . . 
		w w w b 	. . . b 	. . . . 	. . . . )
	Node(
		Played: Yes
		Wins: 2, Draws: 0, Loses: 5, Trials: 7
		MCTS: 0.58
		. . w b 	. . . . 	. . . . 	. . . . 
		. . . w 	. . . . 	. . . . 	. . . . 
		. . . b 	. . . . 	. . . . 	. . . . 
		w w w b 	. . . b 	. . . . 	. . . . )
	Node(
		Played: Yes
		Wins: 0, Draws: 0, Loses: 2, Trials: 2
		MCTS: 0.56
		. . . b 	. . . w 	. . . . 	. . . . 
		. . . w 	. . . . 	. . . . 	. . . . 
		. . . b 	. . . . 	. . . . 	. . . . 
		w w w b 	. . . b 	. . . . 	. . . . )

+++++Pretty Board+++++
. . . b 	. . . . 	. . . . 	. . . . 
. . . w 	. . . . 	. . . . 	. . . . 
. . . b 	. . . . 	. . . . 	. . . . 
w w w b 	w . . b 	. . . . 	. . . . 
++++++++++++++++++++++
AI B is thinking...
Solve
Node(
	Played: No
	Wins: 0, Draws: 0, Loses: 0, Trials: 0
	MCTS: 0.00
	. . . b 	. . . . 	. . . . 	. . . . 
	. . . w 	. . . . 	. . . . 	. . . . 
	. . . b 	. . . . 	. . . . 	. . . . 
	w w w b 	w . . b 	. . . . 	. . . . )

Node(
	Played: No
	Wins: 505, Draws: 0, Loses: 495, Trials: 1000
	MCTS: 0.53
	. . . b 	. . . . 	. . . . 	. . . . 
	. . . w 	. . . . 	. . . . 	. . . . 
	. . . b 	. . . . 	. . . . 	. . . . 
	w w w b 	w . . b 	. . . . 	. . . . )
	Node(
		Played: Yes
		Wins: 14, Draws: 0, Loses: 18, Trials: 32
		MCTS: 0.58
		. . . b 	. . . . 	. . . . 	. . . . 
		. . . w 	. . . . 	. . . . 	. . . . 
		. . . b 	. . . . 	. . . . 	. . . . 
		w w w b 	w . . b 	b . . . 	. . . . )
	Node(
		Played: Yes
		Wins: 0, Draws: 0, Loses: 2, Trials: 2
		MCTS: 0.56
		. . . b 	. . . . 	. . . . 	. . . . 
		. . . w 	. . . . 	. . . . 	. . . . 
		. . . b 	. . . . 	. . . . 	. . . . 
		w w w b 	w b . b 	. . . . 	. . . . )
	Node(
		Played: Yes
		Wins: 0, Draws: 0, Loses: 2, Trials: 2
		MCTS: 0.56
		. . . b 	. . . . 	. . . . 	. . . . 
		. . . w 	. . . . 	. . . . 	. . . . 
		. . . b 	. . . . 	. . . . 	. . . . 
		w w w b 	w . b b 	. . . . 	. . . . )
	Node(
		Played: Yes
		Wins: 133, Draws: 0, Loses: 103, Trials: 236
		MCTS: 0.61
		. . . b 	. . . . 	. . . . 	. . . . 
		. . . w 	. . . . 	. . . . 	. . . . 
		. . . b 	. . . . 	. . . . 	. . . . 
		w w w b 	w . . b 	. . . b 	. . . . )
	Node(
		Played: Yes
		Wins: 0, Draws: 0, Loses: 2, Trials: 2
		MCTS: 0.56
		. . . b 	. . . . 	. . . . 	. . . . 
		. . . w 	. . . . 	. . . . 	. . . . 
		b . . b 	. . . . 	. . . . 	. . . . 
		w w w b 	w . . b 	. . . . 	. . . . )
	Node(
		Played: Yes
		Wins: 18, Draws: 0, Loses: 22, Trials: 40
		MCTS: 0.57
		. . . b 	. . . . 	. . . . 	. . . . 
		. . . w 	. . . . 	. . . . 	. . . . 
		. b . b 	. . . . 	. . . . 	. . . . 
		w w w b 	w . . b 	. . . . 	. . . . )
	Node(
		Played: Yes
		Wins: 4, Draws: 0, Loses: 8, Trials: 12
		MCTS: 0.56
		. . . b 	. . . . 	. . . . 	. . . . 
		. . . w 	. . . . 	. . . . 	. . . . 
		. . b b 	. . . . 	. . . . 	. . . . 
		w w w b 	w . . b 	. . . . 	. . . . )
	Node(
		Played: Yes
		Wins: 153, Draws: 0, Loses: 136, Trials: 289
		MCTS: 0.58
		. . . b 	. . . . 	. . . . 	. . . . 
		. . . w 	. . . . 	. . . . 	. . . . 
		. . . b 	. . . b 	. . . . 	. . . . 
		w w w b 	w . . b 	. . . . 	. . . . )
	Node(
		Played: Yes
		Wins: 12, Draws: 0, Loses: 16, Trials: 28
		MCTS: 0.58
		. . . b 	. . . . 	. . . . 	. . . . 
		b . . w 	. . . . 	. . . . 	. . . . 
		. . . b 	. . . . 	. . . . 	. . . . 
		w w w b 	w . . b 	. . . . 	. . . . )
	Node(
		Played: Yes
		Wins: 0, Draws: 0, Loses: 2, Trials: 2
		MCTS: 0.56
		. . . b 	. . . . 	. . . . 	. . . . 
		. b . w 	. . . . 	. . . . 	. . . . 
		. . . b 	. . . . 	. . . . 	. . . . 
		w w w b 	w . . b 	. . . . 	. . . . )
	Node(
		Played: Yes
		Wins: 45, Draws: 0, Loses: 47, Trials: 92
		MCTS: 0.57
		. . . b 	. . . . 	. . . . 	. . . . 
		. . b w 	. . . . 	. . . . 	. . . . 
		. . . b 	. . . . 	. . . . 	. . . . 
		w w w b 	w . . b 	. . . . 	. . . . )
	Node(
		Played: Yes
		Wins: 3, Draws: 0, Loses: 7, Trials: 10
		MCTS: 0.55
		. . . b 	. . . . 	. . . . 	. . . . 
		. . . w 	. . . b 	. . . . 	. . . . 
		. . . b 	. . . . 	. . . . 	. . . . 
		w w w b 	w . . b 	. . . . 	. . . . )
	Node(
		Played: Yes
		Wins: 64, Draws: 0, Loses: 63, Trials: 127
		MCTS: 0.57
		b . . b 	. . . . 	. . . . 	. . . . 
		. . . w 	. . . . 	. . . . 	. . . . 
		. . . b 	. . . . 	. . . . 	. . . . 
		w w w b 	w . . b 	. . . . 	. . . . )
	Node(
		Played: Yes
		Wins: 15, Draws: 0, Loses: 19, Trials: 34
		MCTS: 0.58
		. b . b 	. . . . 	. . . . 	. . . . 
		. . . w 	. . . . 	. . . . 	. . . . 
		. . . b 	. . . . 	. . . . 	. . . . 
		w w w b 	w . . b 	. . . . 	. . . . )
	Node(
		Played: Yes
		Wins: 0, Draws: 0, Loses: 2, Trials: 2
		MCTS: 0.56
		. . b b 	. . . . 	. . . . 	. . . . 
		. . . w 	. . . . 	. . . . 	. . . . 
		. . . b 	. . . . 	. . . . 	. . . . 
		w w w b 	w . . b 	. . . . 	. . . . )
	Node(
		Played: Yes
		Wins: 44, Draws: 0, Loses: 46, Trials: 90
		MCTS: 0.57
		. . . b 	. . . b 	. . . . 	. . . . 
		. . . w 	. . . . 	. . . . 	. . . . 
		. . . b 	. . . . 	. . . . 	. . . . 
		w w w b 	w . . b 	. . . . 	. . . . )

+++++Pretty Board+++++
. . . b 	. . . . 	. . . . 	. . . . 
. . . w 	. . . . 	. . . . 	. . . . 
. . . b 	. . . b 	. . . . 	. . . . 
w w w b 	w . . b 	. . . . 	. . . . 
++++++++++++++++++++++
AI A is thinking...
Solve
Node(
	Played: No
	Wins: 0, Draws: 0, Loses: 0, Trials: 0
	MCTS: 0.00
	. . . b 	. . . . 	. . . . 	. . . . 
	. . . w 	. . . . 	. . . . 	. . . . 
	. . . b 	. . . b 	. . . . 	. . . . 
	w w w b 	w . . b 	. . . . 	. . . . )

Node(
	Played: No
	Wins: 519, Draws: 0, Loses: 481, Trials: 1000
	MCTS: 0.54
	. . . b 	. . . . 	. . . . 	. . . . 
	. . . w 	. . . . 	. . . . 	. . . . 
	. . . b 	. . . b 	. . . . 	. . . . 
	w w w b 	w . . b 	. . . . 	. . . . )
	Node(
		Played: Yes
		Wins: 183, Draws: 0, Loses: 138, Trials: 321
		MCTS: 0.61
		. . . b 	. . . . 	. . . . 	. . . . 
		. . . w 	. . . . 	. . . . 	. . . . 
		. . . b 	. . . b 	. . . . 	. . . . 
		w w w b 	w . . b 	w . . . 	. . . . )
	Node(
		Played: Yes
		Wins: 0, Draws: 0, Loses: 2, Trials: 2
		MCTS: 0.56
		. . . b 	. . . . 	. . . . 	. . . . 
		. . . w 	. . . . 	. . . . 	. . . . 
		. . . b 	. . . b 	. . . . 	. . . . 
		w w w b 	w w . b 	. . . . 	. . . . )
	Node(
		Played: Yes
		Wins: 4, Draws: 0, Loses: 8, Trials: 12
		MCTS: 0.56
		. . . b 	. . . . 	. . . . 	. . . . 
		. . . w 	. . . . 	. . . . 	. . . . 
		. . . b 	. . . b 	. . . . 	. . . . 
		w w w b 	w . w b 	. . . . 	. . . . )
	Node(
		Played: Yes
		Wins: 0, Draws: 0, Loses: 2, Trials: 2
		MCTS: 0.56
		. . . b 	. . . . 	. . . . 	. . . . 
		. . . w 	. . . . 	. . . . 	. . . . 
		. . . b 	. . . b 	. . . . 	. . . . 
		w w w b 	w . . b 	. . . w 	. . . . )
	Node(
		Played: Yes
		Wins: 0, Draws: 0, Loses: 2, Trials: 2
		MCTS: 0.56
		. . . b 	. . . . 	. . . . 	. . . . 
		. . . w 	. . . . 	. . . . 	. . . . 
		w . . b 	. . . b 	. . . . 	. . . . 
		w w w b 	w . . b 	. . . . 	. . . . )
	Node(
		Played: Yes
		Wins: 54, Draws: 0, Loses: 50, Trials: 104
		MCTS: 0.60
		. . . b 	. . . . 	. . . . 	. . . . 
		. . . w 	. . . . 	. . . . 	. . . . 
		. w . b 	. . . b 	. . . . 	. . . . 
		w w w b 	w . . b 	. . . . 	. . . . )
	Node(
		Played: Yes
		Wins: 80, Draws: 0, Loses: 71, Trials: 151
		MCTS: 0.59
		. . . b 	. . . . 	. . . . 	. . . . 
		. . . w 	. . . . 	. . . . 	. . . . 
		. . w b 	. . . b 	. . . . 	. . . . 
		w w w b 	w . . b 	. . . . 	. . . . )
	Node(
		Played: Yes
		Wins: 7, Draws: 0, Loses: 11, Trials: 18
		MCTS: 0.57
		. . . b 	. . . . 	. . . . 	. . . . 
		. . . w 	. . . . 	. . . . 	. . . . 
		. . . b 	. . . b 	. . . w 	. . . . 
		w w w b 	w . . b 	. . . . 	. . . . )
	Node(
		Played: Yes
		Wins: 13, Draws: 0, Loses: 16, Trials: 29
		MCTS: 0.59
		. . . b 	. . . . 	. . . . 	. . . . 
		w . . w 	. . . . 	. . . . 	. . . . 
		. . . b 	. . . b 	. . . . 	. . . . 
		w w w b 	w . . b 	. . . . 	. . . . )
	Node(
		Played: Yes
		Wins: 20, Draws: 0, Loses: 22, Trials: 42
		MCTS: 0.60
		. . . b 	. . . . 	. . . . 	. . . . 
		. w . w 	. . . . 	. . . . 	. . . . 
		. . . b 	. . . b 	. . . . 	. . . . 
		w w w b 	w . . b 	. . . . 	. . . . )
	Node(
		Played: Yes
		Wins: 61, Draws: 0, Loses: 56, Trials: 117
		MCTS: 0.59
		. . . b 	. . . . 	. . . . 	. . . . 
		. . w w 	. . . . 	. . . . 	. . . . 
		. . . b 	. . . b 	. . . . 	. . . . 
		w w w b 	w . . b 	. . . . 	. . . . )
	Node(
		Played: Yes
		Wins: 0, Draws: 0, Loses: 2, Trials: 2
		MCTS: 0.56
		. . . b 	. . . . 	. . . . 	. . . . 
		. . . w 	. . . w 	. . . . 	. . . . 
		. . . b 	. . . b 	. . . . 	. . . . 
		w w w b 	w . . b 	. . . . 	. . . . )
	Node(
		Played: Yes
		Wins: 47, Draws: 0, Loses: 45, Trials: 92
		MCTS: 0.59
		w . . b 	. . . . 	. . . . 	. . . . 
		. . . w 	. . . . 	. . . . 	. . . . 
		. . . b 	. . . b 	. . . . 	. . . . 
		w w w b 	w . . b 	. . . . 	. . . . )
	Node(
		Played: Yes
		Wins: 29, Draws: 0, Loses: 30, Trials: 59
		MCTS: 0.59
		. w . b 	. . . . 	. . . . 	. . . . 
		. . . w 	. . . . 	. . . . 	. . . . 
		. . . b 	. . . b 	. . . . 	. . . . 
		w w w b 	w . . b 	. . . . 	. . . . )
	Node(
		Played: Yes
		Wins: 20, Draws: 0, Loses: 22, Trials: 42
		MCTS: 0.60
		. . w b 	. . . . 	. . . . 	. . . . 
		. . . w 	. . . . 	. . . . 	. . . . 
		. . . b 	. . . b 	. . . . 	. . . . 
		w w w b 	w . . b 	. . . . 	. . . . )
	Node(
		Played: Yes
		Wins: 1, Draws: 0, Loses: 4, Trials: 5
		MCTS: 0.55
		. . . b 	. . . w 	. . . . 	. . . . 
		. . . w 	. . . . 	. . . . 	. . . . 
		. . . b 	. . . b 	. . . . 	. . . . 
		w w w b 	w . . b 	. . . . 	. . . . )

+++++Pretty Board+++++
. . . b 	. . . . 	. . . . 	. . . . 
. . . w 	. . . . 	. . . . 	. . . . 
. . . b 	. . . b 	. . . . 	. . . . 
w w w b 	w . . b 	w . . . 	. . . . 
++++++++++++++++++++++
AI B is thinking...
Solve
Node(
	Played: No
	Wins: 0, Draws: 0, Loses: 0, Trials: 0
	MCTS: 0.00
	. . . b 	. . . . 	. . . . 	. . . . 
	. . . w 	. . . . 	. . . . 	. . . . 
	. . . b 	. . . b 	. . . . 	. . . . 
	w w w b 	w . . b 	w . . . 	. . . . )

Node(
	Played: No
	Wins: 502, Draws: 0, Loses: 498, Trials: 1000
	MCTS: 0.53
	. . . b 	. . . . 	. . . . 	. . . . 
	. . . w 	. . . . 	. . . . 	. . . . 
	. . . b 	. . . b 	. . . . 	. . . . 
	w w w b 	w . . b 	w . . . 	. . . . )
	Node(
		Played: Yes
		Wins: 245, Draws: 0, Loses: 187, Trials: 432
		MCTS: 0.61
		. . . b 	. . . . 	. . . . 	. . . . 
		. . . w 	. . . . 	. . . . 	. . . . 
		. . . b 	. . . b 	. . . . 	. . . . 
		w w w b 	w . . b 	w . . . 	b . . . )
	Node(
		Played: Yes
		Wins: 6, Draws: 0, Loses: 12, Trials: 18
		MCTS: 0.52
		. . . b 	. . . . 	. . . . 	. . . . 
		. . . w 	. . . . 	. . . . 	. . . . 
		. . . b 	. . . b 	. . . . 	. . . . 
		w w w b 	w b . b 	w . . . 	. . . . )
	Node(
		Played: Yes
		Wins: 0, Draws: 0, Loses: 2, Trials: 2
		MCTS: 0.56
		. . . b 	. . . . 	. . . . 	. . . . 
		. . . w 	. . . . 	. . . . 	. . . . 
		. . . b 	. . . b 	. . . . 	. . . . 
		w w w b 	w . b b 	w . . . 	. . . . )
	Node(
		Played: Yes
		Wins: 157, Draws: 0, Loses: 163, Trials: 320
		MCTS: 0.53
		. . . b 	. . . . 	. . . . 	. . . . 
		. . . w 	. . . . 	. . . . 	. . . . 
		. . . b 	. . . b 	. . . . 	. . . . 
		w w w b 	w . . b 	w . . b 	. . . . )
	Node(
		Played: Yes
		Wins: 87, Draws: 0, Loses: 98, Trials: 185
		MCTS: 0.53
		. . . b 	. . . . 	. . . . 	. . . . 
		. . . w 	. . . . 	. . . . 	. . . . 
		b . . b 	. . . b 	. . . . 	. . . . 
		w w w b 	w . . b 	w . . . 	. . . . )
	Node(
		Played: Yes
		Wins: 4, Draws: 0, Loses: 9, Trials: 13
		MCTS: 0.53
		. . . b 	. . . . 	. . . . 	. . . . 
		. . . w 	. . . . 	. . . . 	. . . . 
		. b . b 	. . . b 	. . . . 	. . . . 
		w w w b 	w . . b 	w . . . 	. . . . )
	Node(
		Played: Yes
		Wins: 0, Draws: 0, Loses: 2, Trials: 2
		MCTS: 0.56
		. . . b 	. . . . 	. . . . 	. . . . 
		. . . w 	. . . . 	. . . . 	. . . . 
		. . b b 	. . . b 	. . . . 	. . . . 
		w w w b 	w . . b 	w . . . 	. . . . )
	Node(
		Played: Yes
		Wins: 0, Draws: 0, Loses: 2, Trials: 2
		MCTS: 0.56
		. . . b 	. . . . 	. . . . 	. . . . 
		. . . w 	. . . . 	. . . . 	. . . . 
		. . . b 	. . . b 	. . . b 	. . . . 
		w w w b 	w . . b 	w . . . 	. . . . )
	Node(
		Played: Yes
		Wins: 0, Draws: 0, Loses: 2, Trials: 2
		MCTS: 0.56
		. . . b 	. . . . 	. . . . 	. . . . 
		b . . w 	. . . . 	. . . . 	. . . . 
		. . . b 	. . . b 	. . . . 	. . . . 
		w w w b 	w . . b 	w . . . 	. . . . )
	Node(
		Played: Yes
		Wins: 1, Draws: 0, Loses: 5, Trials: 6
		MCTS: 0.49
		. . . b 	. . . . 	. . . . 	. . . . 
		. b . w 	. . . . 	. . . . 	. . . . 
		. . . b 	. . . b 	. . . . 	. . . . 
		w w w b 	w . . b 	w . . . 	. . . . )
	Node(
		Played: Yes
		Wins: 0, Draws: 0, Loses: 2, Trials: 2
		MCTS: 0.56
		. . . b 	. . . . 	. . . . 	. . . . 
		. . b w 	. . . . 	. . . . 	. . . . 
		. . . b 	. . . b 	. . . . 	. . . . 
		w w w b 	w . . b 	w . . . 	. . . . )
	Node(
		Played: Yes
		Wins: 0, Draws: 0, Loses: 2, Trials: 2
		MCTS: 0.56
		. . . b 	. . . . 	. . . . 	. . . . 
		. . . w 	. . . b 	. . . . 	. . . . 
		. . . b 	. . . b 	. . . . 	. . . . 
		w w w b 	w . . b 	w . . . 	. . . . )
	Node(
		Played: Yes
		Wins: 0, Draws: 0, Loses: 2, Trials: 2
		MCTS: 0.56
		b . . b 	. . . . 	. . . . 	. . . . 
		. . . w 	. . . . 	. . . . 	. . . . 
		. . . b 	. . . b 	. . . . 	. . . . 
		w w w b 	w . . b 	w . . . 	. . . . )
	Node(
		Played: Yes
		Wins: 0, Draws: 0, Loses: 2, Trials: 2
		MCTS: 0.56
		. b . b 	. . . . 	. . . . 	. . . . 
		. . . w 	. . . . 	. . . . 	. . . . 
		. . . b 	. . . b 	. . . . 	. . . . 
		w w w b 	w . . b 	w . . . 	. . . . )
	Node(
		Played: Yes
		Wins: 0, Draws: 0, Loses: 2, Trials: 2
		MCTS: 0.56
		. . b b 	. . . . 	. . . . 	. . . . 
		. . . w 	. . . . 	. . . . 	. . . . 
		. . . b 	. . . b 	. . . . 	. . . . 
		w w w b 	w . . b 	w . . . 	. . . . )
	Node(
		Played: Yes
		Wins: 2, Draws: 0, Loses: 6, Trials: 8
		MCTS: 0.53
		. . . b 	. . . b 	. . . . 	. . . . 
		. . . w 	. . . . 	. . . . 	. . . . 
		. . . b 	. . . b 	. . . . 	. . . . 
		w w w b 	w . . b 	w . . . 	. . . . )

+++++Pretty Board+++++
. . . b 	. . . . 	. . . . 	. . . . 
. . . w 	. . . . 	. . . . 	. . . . 
. . . b 	. . . b 	. . . . 	. . . . 
w w w b 	w . . b 	w . . . 	b . . . 
++++++++++++++++++++++
AI A is thinking...
Solve
Node(
	Played: No
	Wins: 0, Draws: 0, Loses: 0, Trials: 0
	MCTS: 0.00
	. . . b 	. . . . 	. . . . 	. . . . 
	. . . w 	. . . . 	. . . . 	. . . . 
	. . . b 	. . . b 	. . . . 	. . . . 
	w w w b 	w . . b 	w . . . 	b . . . )

Node(
	Played: No
	Wins: 474, Draws: 1, Loses: 526, Trials: 1000
	MCTS: 0.50
	. . . b 	. . . . 	. . . . 	. . . . 
	. . . w 	. . . . 	. . . . 	. . . . 
	. . . b 	. . . b 	. . . . 	. . . . 
	w w w b 	w . . b 	w . . . 	b . . . )
	Node(
		Played: Yes
		Wins: 12, Draws: 0, Loses: 18, Trials: 30
		MCTS: 0.54
		. . . b 	. . . w 	. . . . 	. . . . 
		. . . w 	. . . . 	. . . . 	. . . . 
		. . . b 	. . . b 	. . . . 	. . . . 
		w w w b 	w . . b 	w . . . 	b . . . )
	Node(
		Played: Yes
		Wins: 2, Draws: 0, Loses: 6, Trials: 8
		MCTS: 0.53
		. . . b 	. . . . 	. . . . 	. . . . 
		. . . w 	. . . . 	. . . . 	. . . . 
		. . . b 	. . . b 	. . . . 	. . . . 
		w w w b 	w w . b 	w . . . 	b . . . )
	Node(
		Played: Yes
		Wins: 0, Draws: 0, Loses: 3, Trials: 3
		MCTS: 0.46
		. . . b 	. . . . 	. . . . 	. . . . 
		. . . w 	. . . . 	. . . . 	. . . . 
		. . . b 	. . . b 	. . . . 	. . . . 
		w w w b 	w . w b 	w . . . 	b . . . )
	Node(
		Played: Yes
		Wins: 147, Draws: 0, Loses: 146, Trials: 293
		MCTS: 0.55
		. . . b 	. . . . 	. . . . 	. . . . 
		. . . w 	. . . . 	. . . . 	. . . . 
		. . . b 	. . . b 	. . . . 	. . . . 
		w w w b 	w . . b 	w . . w 	b . . . )
	Node(
		Played: Yes
		Wins: 12, Draws: 0, Loses: 18, Trials: 30
		MCTS: 0.54
		. . . b 	. . . . 	. . . . 	. . . . 
		. . . w 	. . . . 	. . . . 	. . . . 
		w . . b 	. . . b 	. . . . 	. . . . 
		w w w b 	w . . b 	w . . . 	b . . . )
	Node(
		Played: Yes
		Wins: 9, Draws: 0, Loses: 15, Trials: 24
		MCTS: 0.54
		. . . b 	. . . . 	. . . . 	. . . . 
		. . . w 	. . . . 	. . . . 	. . . . 
		. w . b 	. . . b 	. . . . 	. . . . 
		w w w b 	w . . b 	w . . . 	b . . . )
	Node(
		Played: Yes
		Wins: 1, Draws: 0, Loses: 4, Trials: 5
		MCTS: 0.55
		. . . b 	. . . . 	. . . . 	. . . . 
		. . . w 	. . . . 	. . . . 	. . . . 
		. . w b 	. . . b 	. . . . 	. . . . 
		w w w b 	w . . b 	w . . . 	b . . . )
	Node(
		Played: Yes
		Wins: 2, Draws: 0, Loses: 6, Trials: 8
		MCTS: 0.53
		. . . b 	. . . . 	. . . . 	. . . . 
		. . . w 	. . . . 	. . . . 	. . . . 
		. . . b 	. . . b 	. . . w 	. . . . 
		w w w b 	w . . b 	w . . . 	b . . . )
	Node(
		Played: Yes
		Wins: 2, Draws: 0, Loses: 6, Trials: 8
		MCTS: 0.53
		. . . b 	. . . . 	. . . . 	. . . . 
		w . . w 	. . . . 	. . . . 	. . . . 
		. . . b 	. . . b 	. . . . 	. . . . 
		w w w b 	w . . b 	w . . . 	b . . . )
	Node(
		Played: Yes
		Wins: 2, Draws: 0, Loses: 6, Trials: 8
		MCTS: 0.53
		. . . b 	. . . . 	. . . . 	. . . . 
		. w . w 	. . . . 	. . . . 	. . . . 
		. . . b 	. . . b 	. . . . 	. . . . 
		w w w b 	w . . b 	w . . . 	b . . . )
	Node(
		Played: Yes
		Wins: 76, Draws: 0, Loses: 78, Trials: 154
		MCTS: 0.56
		. . . b 	. . . . 	. . . . 	. . . . 
		. . w w 	. . . . 	. . . . 	. . . . 
		. . . b 	. . . b 	. . . . 	. . . . 
		w w w b 	w . . b 	w . . . 	b . . . )
	Node(
		Played: Yes
		Wins: 20, Draws: 0, Loses: 27, Trials: 47
		MCTS: 0.54
		. . . b 	. . . . 	. . . . 	. . . . 
		. . . w 	. . . w 	. . . . 	. . . . 
		. . . b 	. . . b 	. . . . 	. . . . 
		w w w b 	w . . b 	w . . . 	b . . . )
	Node(
		Played: Yes
		Wins: 178, Draws: 1, Loses: 174, Trials: 352
		MCTS: 0.55
		w . . b 	. . . . 	. . . . 	. . . . 
		. . . w 	. . . . 	. . . . 	. . . . 
		. . . b 	. . . b 	. . . . 	. . . . 
		w w w b 	w . . b 	w . . . 	b . . . )
	Node(
		Played: Yes
		Wins: 5, Draws: 0, Loses: 10, Trials: 15
		MCTS: 0.54
		. w . b 	. . . . 	. . . . 	. . . . 
		. . . w 	. . . . 	. . . . 	. . . . 
		. . . b 	. . . b 	. . . . 	. . . . 
		w w w b 	w . . b 	w . . . 	b . . . )
	Node(
		Played: Yes
		Wins: 6, Draws: 0, Loses: 7, Trials: 13
		MCTS: 0.68
		. . w b 	. . . . 	. . . . 	. . . . 
		. . . w 	. . . . 	. . . . 	. . . . 
		. . . b 	. . . b 	. . . . 	. . . . 
		w w w b 	w . . b 	w . . . 	b . . . )
	Node(
		Played: Yes
		Wins: 0, Draws: 0, Loses: 2, Trials: 2
		MCTS: 0.56
		. . . b 	. . . w 	. . . . 	. . . . 
		. . . w 	. . . . 	. . . . 	. . . . 
		. . . b 	. . . b 	. . . . 	. . . . 
		w w w b 	w . . b 	w . . . 	b . . . )

+++++Pretty Board+++++
w . . b 	. . . . 	. . . . 	. . . . 
. . . w 	. . . . 	. . . . 	. . . . 
. . . b 	. . . b 	. . . . 	. . . . 
w w w b 	w . . b 	w . . . 	b . . . 
++++++++++++++++++++++
AI B is thinking...
Solve
Node(
	Played: No
	Wins: 0, Draws: 0, Loses: 0, Trials: 0
	MCTS: 0.00
	w . . b 	. . . . 	. . . . 	. . . . 
	. . . w 	. . . . 	. . . . 	. . . . 
	. . . b 	. . . b 	. . . . 	. . . . 
	w w w b 	w . . b 	w . . . 	b . . . )

Node(
	Played: No
	Wins: 597, Draws: 0, Loses: 403, Trials: 1000
	MCTS: 0.62
	w . . b 	. . . . 	. . . . 	. . . . 
	. . . w 	. . . . 	. . . . 	. . . . 
	. . . b 	. . . b 	. . . . 	. . . . 
	w w w b 	w . . b 	w . . . 	b . . . )
	Node(
		Played: Yes
		Wins: 29, Draws: 0, Loses: 24, Trials: 53
		MCTS: 0.66
		w . . b 	. . . b 	. . . . 	. . . . 
		. . . w 	. . . . 	. . . . 	. . . . 
		. . . b 	. . . b 	. . . . 	. . . . 
		w w w b 	w . . b 	w . . . 	b . . . )
	Node(
		Played: Yes
		Wins: 1, Draws: 0, Loses: 3, Trials: 4
		MCTS: 0.64
		w . . b 	. . . . 	. . . . 	. . . . 
		. . . w 	. . . . 	. . . . 	. . . . 
		. . . b 	. . . b 	. . . . 	. . . . 
		w w w b 	w b . b 	w . . . 	b . . . )
	Node(
		Played: Yes
		Wins: 1, Draws: 0, Loses: 3, Trials: 4
		MCTS: 0.64
		w . . b 	. . . . 	. . . . 	. . . . 
		. . . w 	. . . . 	. . . . 	. . . . 
		. . . b 	. . . b 	. . . . 	. . . . 
		w w w b 	w . b b 	w . . . 	b . . . )
	Node(
		Played: Yes
		Wins: 74, Draws: 0, Loses: 53, Trials: 127
		MCTS: 0.65
		w . . b 	. . . . 	. . . . 	. . . . 
		. . . w 	. . . . 	. . . . 	. . . . 
		. . . b 	. . . b 	. . . . 	. . . . 
		w w w b 	w . . b 	w . . b 	b . . . )
	Node(
		Played: Yes
		Wins: 16, Draws: 0, Loses: 16, Trials: 32
		MCTS: 0.64
		w . . b 	. . . . 	. . . . 	. . . . 
		. . . w 	. . . . 	. . . . 	. . . . 
		b . . b 	. . . b 	. . . . 	. . . . 
		w w w b 	w . . b 	w . . . 	b . . . )
	Node(
		Played: Yes
		Wins: 20, Draws: 0, Loses: 18, Trials: 38
		MCTS: 0.65
		w . . b 	. . . . 	. . . . 	. . . . 
		. . . w 	. . . . 	. . . . 	. . . . 
		. b . b 	. . . b 	. . . . 	. . . . 
		w w w b 	w . . b 	w . . . 	b . . . )
	Node(
		Played: Yes
		Wins: 16, Draws: 0, Loses: 16, Trials: 32
		MCTS: 0.64
		w . . b 	. . . . 	. . . . 	. . . . 
		. . . w 	. . . . 	. . . . 	. . . . 
		. . b b 	. . . b 	. . . . 	. . . . 
		w w w b 	w . . b 	w . . . 	b . . . )
	Node(
		Played: Yes
		Wins: 3, Draws: 0, Loses: 5, Trials: 8
		MCTS: 0.65
		w . . b 	. . . . 	. . . . 	. . . . 
		. . . w 	. . . . 	. . . . 	. . . . 
		. . . b 	. . . b 	. . . b 	. . . . 
		w w w b 	w . . b 	w . . . 	b . . . )
	Node(
		Played: Yes
		Wins: 71, Draws: 0, Loses: 51, Trials: 122
		MCTS: 0.65
		w . . b 	. . . . 	. . . . 	. . . . 
		b . . w 	. . . . 	. . . . 	. . . . 
		. . . b 	. . . b 	. . . . 	. . . . 
		w w w b 	w . . b 	w . . . 	b . . . )
	Node(
		Played: Yes
		Wins: 1, Draws: 0, Loses: 3, Trials: 4
		MCTS: 0.64
		w . . b 	. . . . 	. . . . 	. . . . 
		. b . w 	. . . . 	. . . . 	. . . . 
		. . . b 	. . . b 	. . . . 	. . . . 
		w w w b 	w . . b 	w . . . 	b . . . )
	Node(
		Played: Yes
		Wins: 0, Draws: 0, Loses: 2, Trials: 2
		MCTS: 0.56
		w . . b 	. . . . 	. . . . 	. . . . 
		. . b w 	. . . . 	. . . . 	. . . . 
		. . . b 	. . . b 	. . . . 	. . . . 
		w w w b 	w . . b 	w . . . 	b . . . )
	Node(
		Played: Yes
		Wins: 3, Draws: 0, Loses: 5, Trials: 8
		MCTS: 0.65
		w . . b 	. . . . 	. . . . 	. . . . 
		. . . w 	. . . b 	. . . . 	. . . . 
		. . . b 	. . . b 	. . . . 	. . . . 
		w w w b 	w . . b 	w . . . 	b . . . )
	Node(
		Played: Yes
		Wins: 3, Draws: 0, Loses: 5, Trials: 8
		MCTS: 0.65
		w . . b 	b . . . 	. . . . 	. . . . 
		. . . w 	. . . . 	. . . . 	. . . . 
		. . . b 	. . . b 	. . . . 	. . . . 
		w w w b 	w . . b 	w . . . 	b . . . )
	Node(
		Played: Yes
		Wins: 2, Draws: 0, Loses: 4, Trials: 6
		MCTS: 0.66
		w b . b 	. . . . 	. . . . 	. . . . 
		. . . w 	. . . . 	. . . . 	. . . . 
		. . . b 	. . . b 	. . . . 	. . . . 
		w w w b 	w . . b 	w . . . 	b . . . )
	Node(
		Played: Yes
		Wins: 5, Draws: 0, Loses: 7, Trials: 12
		MCTS: 0.64
		w . b b 	. . . . 	. . . . 	. . . . 
		. . . w 	. . . . 	. . . . 	. . . . 
		. . . b 	. . . b 	. . . . 	. . . . 
		w w w b 	w . . b 	w . . . 	b . . . )
	Node(
		Played: Yes
		Wins: 352, Draws: 0, Loses: 188, Trials: 540
		MCTS: 0.69
		w . . b 	. . . b 	. . . . 	. . . . 
		. . . w 	. . . . 	. . . . 	. . . . 
		. . . b 	. . . b 	. . . . 	. . . . 
		w w w b 	w . . b 	w . . . 	b . . . )
		Node(
			Played: Yes
			Wins: 0, Draws: 0, Loses: 1, Trials: 1
			MCTS: 0.79
			w . . b 	. . . b 	. . . w 	. . . . 
			. . . w 	. . . . 	. . . . 	. . . . 
			. . . b 	. . . b 	. . . . 	. . . . 
			w w w b 	w . . b 	w . . . 	b . . . )
		Node(
			Played: Yes
			Wins: 2, Draws: 0, Loses: 1, Trials: 3
			MCTS: 1.12
			w . . b 	. . . b 	. . . . 	. . . . 
			. . . w 	. . . . 	. . . . 	. . . . 
			. . . b 	. . . b 	. . . . 	. . . . 
			w w w b 	w w . b 	w . . . 	b . . . )
		Node(
			Played: Yes
			Wins: 1, Draws: 0, Loses: 1, Trials: 2
			MCTS: 1.06
			w . . b 	. . . b 	. . . . 	. . . . 
			. . . w 	. . . . 	. . . . 	. . . . 
			. . . b 	. . . b 	. . . . 	. . . . 
			w w w b 	w . w b 	w . . . 	b . . . )
		Node(
			Played: Yes
			Wins: 3, Draws: 0, Loses: 1, Trials: 4
			MCTS: 1.14
			w . . b 	. . . b 	. . . . 	. . . . 
			. . . w 	. . . . 	. . . . 	. . . . 
			. . . b 	. . . b 	. . . . 	. . . . 
			w w w b 	w . . b 	w . . w 	b . . . )
		Node(
			Played: Yes
			Wins: 3, Draws: 0, Loses: 1, Trials: 4
			MCTS: 1.14
			w . . b 	. . . b 	. . . . 	. . . . 
			. . . w 	. . . . 	. . . . 	. . . . 
			w . . b 	. . . b 	. . . . 	. . . . 
			w w w b 	w . . b 	w . . . 	b . . . )
		Node(
			Played: Yes
			Wins: 3, Draws: 0, Loses: 1, Trials: 4
			MCTS: 1.14
			w . . b 	. . . b 	. . . . 	. . . . 
			. . . w 	. . . . 	. . . . 	. . . . 
			. w . b 	. . . b 	. . . . 	. . . . 
			w w w b 	w . . b 	w . . . 	b . . . )
		Node(
			Played: Yes
			Wins: 4, Draws: 0, Loses: 0, Trials: 4
			MCTS: 1.39
			w . . b 	. . . b 	. . . . 	. . . . 
			. . . w 	. . . . 	. . . . 	. . . . 
			. . w b 	. . . b 	. . . . 	. . . . 
			w w w b 	w . . b 	w . . . 	b . . . )
		Node(
			Played: Yes
			Wins: 3, Draws: 0, Loses: 1, Trials: 4
			MCTS: 1.14
			w . . b 	. . . b 	. . . . 	. . . . 
			. . . w 	. . . . 	. . . . 	. . . . 
			. . . b 	. . . b 	. . . w 	. . . . 
			w w w b 	w . . b 	w . . . 	b . . . )
		Node(
			Played: Yes
			Wins: 2, Draws: 0, Loses: 1, Trials: 3
			MCTS: 1.12
			w . . b 	. . . b 	. . . . 	. . . . 
			w . . w 	. . . . 	. . . . 	. . . . 
			. . . b 	. . . b 	. . . . 	. . . . 
			w w w b 	w . . b 	w . . . 	b . . . )
		Node(
			Played: Yes
			Wins: 0, Draws: 0, Loses: 1, Trials: 1
			MCTS: 0.79
			w . . b 	. . . b 	. . . . 	. . . . 
			. w . w 	. . . . 	. . . . 	. . . . 
			. . . b 	. . . b 	. . . . 	. . . . 
			w w w b 	w . . b 	w . . . 	b . . . )
		Node(
			Played: Yes
			Wins: 3, Draws: 0, Loses: 0, Trials: 3
			MCTS: 1.46
			w . . b 	. . . b 	. . . . 	. . . . 
			. . w w 	. . . . 	. . . . 	. . . . 
			. . . b 	. . . b 	. . . . 	. . . . 
			w w w b 	w . . b 	w . . . 	b . . . )
		Node(
			Played: Yes
			Wins: 0, Draws: 0, Loses: 1, Trials: 1
			MCTS: 0.79
			w . . b 	. . . b 	. . . . 	. . . . 
			. . . w 	. . . w 	. . . . 	. . . . 
			. . . b 	. . . b 	. . . . 	. . . . 
			w w w b 	w . . b 	w . . . 	b . . . )
		Node(
			Played: Yes
			Wins: 0, Draws: 0, Loses: 1, Trials: 1
			MCTS: 0.79
			w . . b 	w . . b 	. . . . 	. . . . 
			. . . w 	. . . . 	. . . . 	. . . . 
			. . . b 	. . . b 	. . . . 	. . . . 
			w w w b 	w . . b 	w . . . 	b . . . )
		Node(
			Played: Yes
			Wins: 0, Draws: 0, Loses: 1, Trials: 1
			MCTS: 0.79
			w w . b 	. . . b 	. . . . 	. . . . 
			. . . w 	. . . . 	. . . . 	. . . . 
			. . . b 	. . . b 	. . . . 	. . . . 
			w w w b 	w . . b 	w . . . 	b . . . )
		Node(
			Played: Yes
			Wins: 0, Draws: 0, Loses: 1, Trials: 1
			MCTS: 0.79
			w . w b 	. . . b 	. . . . 	. . . . 
			. . . w 	. . . . 	. . . . 	. . . . 
			. . . b 	. . . b 	. . . . 	. . . . 
			w w w b 	w . . b 	w . . . 	b . . . )
		Node(
			Played: Yes
			Wins: 3, Draws: 0, Loses: 0, Trials: 3
			MCTS: 1.46
			w . . b 	. . . b 	. . . w 	. . . . 
			. . . w 	. . . . 	. . . . 	. . . . 
			. . . b 	. . . b 	. . . . 	. . . . 
			w w w b 	w . . b 	w . . . 	b . . . )

+++++Pretty Board+++++
w . . b 	. . . b 	. . . . 	. . . . 
. . . w 	. . . . 	. . . . 	. . . . 
. . . b 	. . . b 	. . . . 	. . . . 
w w w b 	w . . b 	w . . . 	b . . . 
++++++++++++++++++++++
AI A is thinking...
Solve
Node(
	Played: No
	Wins: 0, Draws: 0, Loses: 0, Trials: 0
	MCTS: 0.00
	w . . b 	. . . b 	. . . . 	. . . . 
	. . . w 	. . . . 	. . . . 	. . . . 
	. . . b 	. . . b 	. . . . 	. . . . 
	w w w b 	w . . b 	w . . . 	b . . . )

Node(
	Played: No
	Wins: 396, Draws: 1, Loses: 604, Trials: 1000
	MCTS: 0.42
	w . . b 	. . . b 	. . . . 	. . . . 
	. . . w 	. . . . 	. . . . 	. . . . 
	. . . b 	. . . b 	. . . . 	. . . . 
	w w w b 	w . . b 	w . . . 	b . . . )
	Node(
		Played: Yes
		Wins: 0, Draws: 0, Loses: 3, Trials: 3
		MCTS: 0.46
		w . . b 	. . . b 	. . . w 	. . . . 
		. . . w 	. . . . 	. . . . 	. . . . 
		. . . b 	. . . b 	. . . . 	. . . . 
		w w w b 	w . . b 	w . . . 	b . . . )
	Node(
		Played: Yes
		Wins: 2, Draws: 0, Loses: 8, Trials: 10
		MCTS: 0.45
		w . . b 	. . . b 	. . . . 	. . . . 
		. . . w 	. . . . 	. . . . 	. . . . 
		. . . b 	. . . b 	. . . . 	. . . . 
		w w w b 	w w . b 	w . . . 	b . . . )
	Node(
		Played: Yes
		Wins: 7, Draws: 0, Loses: 16, Trials: 23
		MCTS: 0.47
		w . . b 	. . . b 	. . . . 	. . . . 
		. . . w 	. . . . 	. . . . 	. . . . 
		. . . b 	. . . b 	. . . . 	. . . . 
		w w w b 	w . w b 	w . . . 	b . . . )
	Node(
		Played: Yes
		Wins: 0, Draws: 0, Loses: 3, Trials: 3
		MCTS: 0.46
		w . . b 	. . . b 	. . . . 	. . . . 
		. . . w 	. . . . 	. . . . 	. . . . 
		. . . b 	. . . b 	. . . . 	. . . . 
		w w w b 	w . . b 	w . . w 	b . . . )
	Node(
		Played: Yes
		Wins: 252, Draws: 1, Loses: 327, Trials: 579
		MCTS: 0.47
		w . . b 	. . . b 	. . . . 	. . . . 
		. . . w 	. . . . 	. . . . 	. . . . 
		w . . b 	. . . b 	. . . . 	. . . . 
		w w w b 	w . . b 	w . . . 	b . . . )
		Node(
			Played: Yes
			Wins: 0, Draws: 0, Loses: 2, Trials: 2
			MCTS: 0.56
			w . . b 	. . . b 	. . . b 	. . . . 
			. . . w 	. . . . 	. . . . 	. . . . 
			w . . b 	. . . b 	. . . . 	. . . . 
			w w w b 	w . . b 	w . . . 	b . . . )
		Node(
			Played: Yes
			Wins: 0, Draws: 0, Loses: 2, Trials: 2
			MCTS: 0.56
			w . . b 	. . . b 	. . . . 	. . . . 
			. . . w 	. . . . 	. . . . 	. . . . 
			w . . b 	. . . b 	. . . . 	. . . . 
			w w w b 	w b . b 	w . . . 	b . . . )
		Node(
			Played: Yes
			Wins: 2, Draws: 0, Loses: 3, Trials: 5
			MCTS: 0.75
			w . . b 	. . . b 	. . . . 	. . . . 
			. . . w 	. . . . 	. . . . 	. . . . 
			w . . b 	. . . b 	. . . . 	. . . . 
			w w w b 	w . b b 	w . . . 	b . . . )
		Node(
			Played: Yes
			Wins: 3, Draws: 0, Loses: 4, Trials: 7
			MCTS: 0.73
			w . . b 	. . . b 	. . . . 	. . . . 
			. . . w 	. . . . 	. . . . 	. . . . 
			w . . b 	. . . b 	. . . . 	. . . . 
			w w w b 	w . . b 	w . . b 	b . . . )
		Node(
			Played: Yes
			Wins: 0, Draws: 0, Loses: 2, Trials: 2
			MCTS: 0.56
			w . . b 	. . . b 	. . . . 	. . . . 
			. . . w 	. . . . 	. . . . 	. . . . 
			w . . b 	b . . b 	. . . . 	. . . . 
			w w w b 	w . . b 	w . . . 	b . . . )
		Node(
			Played: Yes
			Wins: 0, Draws: 0, Loses: 2, Trials: 2
			MCTS: 0.56
			w . . b 	. . . b 	. . . . 	. . . . 
			. . . w 	. . . . 	. . . . 	. . . . 
			w b . b 	. . . b 	. . . . 	. . . . 
			w w w b 	w . . b 	w . . . 	b . . . )
		Node(
			Played: Yes
			Wins: 6, Draws: 0, Loses: 6, Trials: 12
			MCTS: 0.73
			w . . b 	. . . b 	. . . . 	. . . . 
			. . . w 	. . . . 	. . . . 	. . . . 
			w . b b 	. . . b 	. . . . 	. . . . 
			w w w b 	w . . b 	w . . . 	b . . . )
		Node(
			Played: Yes
			Wins: 5, Draws: 0, Loses: 5, Trials: 10
			MCTS: 0.75
			w . . b 	. . . b 	. . . . 	. . . . 
			. . . w 	. . . . 	. . . . 	. . . . 
			w . . b 	. . . b 	. . . b 	. . . . 
			w w w b 	w . . b 	w . . . 	b . . . )
		Node(
			Played: Yes
			Wins: 4, Draws: 0, Loses: 5, Trials: 9
			MCTS: 0.71
			w . . b 	. . . b 	. . . . 	. . . . 
			b . . w 	. . . . 	. . . . 	. . . . 
			w . . b 	. . . b 	. . . . 	. . . . 
			w w w b 	w . . b 	w . . . 	b . . . )
		Node(
			Played: Yes
			Wins: 2, Draws: 0, Loses: 3, Trials: 5
			MCTS: 0.75
			w . . b 	. . . b 	. . . . 	. . . . 
			. b . w 	. . . . 	. . . . 	. . . . 
			w . . b 	. . . b 	. . . . 	. . . . 
			w w w b 	w . . b 	w . . . 	b . . . )
		Node(
			Played: Yes
			Wins: 2, Draws: 0, Loses: 3, Trials: 5
			MCTS: 0.75
			w . . b 	. . . b 	. . . . 	. . . . 
			. . b w 	. . . . 	. . . . 	. . . . 
			w . . b 	. . . b 	. . . . 	. . . . 
			w w w b 	w . . b 	w . . . 	b . . . )
		Node(
			Played: Yes
			Wins: 0, Draws: 0, Loses: 2, Trials: 2
			MCTS: 0.56
			w . . b 	. . . b 	. . . . 	. . . . 
			. . . w 	. . . b 	. . . . 	. . . . 
			w . . b 	. . . b 	. . . . 	. . . . 
			w w w b 	w . . b 	w . . . 	b . . . )
		Node(
			Played: Yes
			Wins: 0, Draws: 0, Loses: 2, Trials: 2
			MCTS: 0.56
			w . . b 	b . . b 	. . . . 	. . . . 
			. . . w 	. . . . 	. . . . 	. . . . 
			w . . b 	. . . b 	. . . . 	. . . . 
			w w w b 	w . . b 	w . . . 	b . . . )
		Node(
			Played: Yes
			Wins: 3, Draws: 0, Loses: 4, Trials: 7
			MCTS: 0.73
			w b . b 	. . . b 	. . . . 	. . . . 
			. . . w 	. . . . 	. . . . 	. . . . 
			w . . b 	. . . b 	. . . . 	. . . . 
			w w w b 	w . . b 	w . . . 	b . . . )
		Node(
			Played: Yes
			Wins: 0, Draws: 0, Loses: 2, Trials: 2
			MCTS: 0.56
			w . b b 	. . . b 	. . . . 	. . . . 
			. . . w 	. . . . 	. . . . 	. . . . 
			w . . b 	. . . b 	. . . . 	. . . . 
			w w w b 	w . . b 	w . . . 	b . . . )
		Node(
			Played: Yes
			Wins: 2, Draws: 0, Loses: 3, Trials: 5
			MCTS: 0.75
			w . . b 	. . . b 	. . . b 	. . . . 
			. . . w 	. . . . 	. . . . 	. . . . 
			w . . b 	. . . b 	. . . . 	. . . . 
			w w w b 	w . . b 	w . . . 	b . . . )
	Node(
		Played: Yes
		Wins: 14, Draws: 0, Loses: 26, Trials: 40
		MCTS: 0.47
		w . . b 	. . . b 	. . . . 	. . . . 
		. . . w 	. . . . 	. . . . 	. . . . 
		. w . b 	. . . b 	. . . . 	. . . . 
		w w w b 	w . . b 	w . . . 	b . . . )
	Node(
		Played: Yes
		Wins: 35, Draws: 0, Loses: 54, Trials: 89
		MCTS: 0.48
		w . . b 	. . . b 	. . . . 	. . . . 
		. . . w 	. . . . 	. . . . 	. . . . 
		. . w b 	. . . b 	. . . . 	. . . . 
		w w w b 	w . . b 	w . . . 	b . . . )
	Node(
		Played: Yes
		Wins: 10, Draws: 0, Loses: 20, Trials: 30
		MCTS: 0.48
		w . . b 	. . . b 	. . . . 	. . . . 
		. . . w 	. . . . 	. . . . 	. . . . 
		. . . b 	. . . b 	. . . w 	. . . . 
		w w w b 	w . . b 	w . . . 	b . . . )
	Node(
		Played: Yes
		Wins: 1, Draws: 0, Loses: 6, Trials: 7
		MCTS: 0.44
		w . . b 	. . . b 	. . . . 	. . . . 
		w . . w 	. . . . 	. . . . 	. . . . 
		. . . b 	. . . b 	. . . . 	. . . . 
		w w w b 	w . . b 	w . . . 	b . . . )
	Node(
		Played: Yes
		Wins: 3, Draws: 0, Loses: 9, Trials: 12
		MCTS: 0.48
		w . . b 	. . . b 	. . . . 	. . . . 
		. w . w 	. . . . 	. . . . 	. . . . 
		. . . b 	. . . b 	. . . . 	. . . . 
		w w w b 	w . . b 	w . . . 	b . . . )
	Node(
		Played: Yes
		Wins: 0, Draws: 0, Loses: 3, Trials: 3
		MCTS: 0.46
		w . . b 	. . . b 	. . . . 	. . . . 
		. . w w 	. . . . 	. . . . 	. . . . 
		. . . b 	. . . b 	. . . . 	. . . . 
		w w w b 	w . . b 	w . . . 	b . . . )
	Node(
		Played: Yes
		Wins: 2, Draws: 0, Loses: 8, Trials: 10
		MCTS: 0.45
		w . . b 	. . . b 	. . . . 	. . . . 
		. . . w 	. . . w 	. . . . 	. . . . 
		. . . b 	. . . b 	. . . . 	. . . . 
		w w w b 	w . . b 	w . . . 	b . . . )
	Node(
		Played: Yes
		Wins: 14, Draws: 0, Loses: 26, Trials: 40
		MCTS: 0.47
		w . . b 	w . . b 	. . . . 	. . . . 
		. . . w 	. . . . 	. . . . 	. . . . 
		. . . b 	. . . b 	. . . . 	. . . . 
		w w w b 	w . . b 	w . . . 	b . . . )
	Node(
		Played: Yes
		Wins: 15, Draws: 0, Loses: 27, Trials: 42
		MCTS: 0.48
		w w . b 	. . . b 	. . . . 	. . . . 
		. . . w 	. . . . 	. . . . 	. . . . 
		. . . b 	. . . b 	. . . . 	. . . . 
		w w w b 	w . . b 	w . . . 	b . . . )
	Node(
		Played: Yes
		Wins: 2, Draws: 0, Loses: 8, Trials: 10
		MCTS: 0.45
		w . w b 	. . . b 	. . . . 	. . . . 
		. . . w 	. . . . 	. . . . 	. . . . 
		. . . b 	. . . b 	. . . . 	. . . . 
		w w w b 	w . . b 	w . . . 	b . . . )
	Node(
		Played: Yes
		Wins: 39, Draws: 0, Loses: 60, Trials: 99
		MCTS: 0.47
		w . . b 	. . . b 	. . . w 	. . . . 
		. . . w 	. . . . 	. . . . 	. . . . 
		. . . b 	. . . b 	. . . . 	. . . . 
		w w w b 	w . . b 	w . . . 	b . . . )

+++++Pretty Board+++++
w . . b 	. . . b 	. . . . 	. . . . 
. . . w 	. . . . 	. . . . 	. . . . 
w . . b 	. . . b 	. . . . 	. . . . 
w w w b 	w . . b 	w . . . 	b . . . 
++++++++++++++++++++++
AI B is thinking...
Solve
Node(
	Played: No
	Wins: 0, Draws: 0, Loses: 0, Trials: 0
	MCTS: 0.00
	w . . b 	. . . b 	. . . . 	. . . . 
	. . . w 	. . . . 	. . . . 	. . . . 
	w . . b 	. . . b 	. . . . 	. . . . 
	w w w b 	w . . b 	w . . . 	b . . . )

Node(
	Played: No
	Wins: 978, Draws: 0, Loses: 22, Trials: 1000
	MCTS: 1.00
	w . . b 	. . . b 	. . . . 	. . . . 
	. . . w 	. . . . 	. . . . 	. . . . 
	w . . b 	. . . b 	. . . . 	. . . . 
	w w w b 	w . . b 	w . . . 	b . . . )
	Node(
		Played: Yes
		Wins: 1, Draws: 0, Loses: 1, Trials: 2
		MCTS: 1.06
		w . . b 	. . . b 	. . . b 	. . . . 
		. . . w 	. . . . 	. . . . 	. . . . 
		w . . b 	. . . b 	. . . . 	. . . . 
		w w w b 	w . . b 	w . . . 	b . . . )
	Node(
		Played: Yes
		Wins: 0, Draws: 0, Loses: 1, Trials: 1
		MCTS: 0.79
		w . . b 	. . . b 	. . . . 	. . . . 
		. . . w 	. . . . 	. . . . 	. . . . 
		w . . b 	. . . b 	. . . . 	. . . . 
		w w w b 	w b . b 	w . . . 	b . . . )
	Node(
		Played: Yes
		Wins: 1, Draws: 0, Loses: 1, Trials: 2
		MCTS: 1.06
		w . . b 	. . . b 	. . . . 	. . . . 
		. . . w 	. . . . 	. . . . 	. . . . 
		w . . b 	. . . b 	. . . . 	. . . . 
		w w w b 	w . b b 	w . . . 	b . . . )
	Node(
		Played: Yes
		Wins: 0, Draws: 0, Loses: 1, Trials: 1
		MCTS: 0.79
		w . . b 	. . . b 	. . . . 	. . . . 
		. . . w 	. . . . 	. . . . 	. . . . 
		w . . b 	. . . b 	. . . . 	. . . . 
		w w w b 	w . . b 	w . . b 	b . . . )
	Node(
		Played: Yes
		Wins: 0, Draws: 0, Loses: 1, Trials: 1
		MCTS: 0.79
		w . . b 	. . . b 	. . . . 	. . . . 
		. . . w 	. . . . 	. . . . 	. . . . 
		w . . b 	b . . b 	. . . . 	. . . . 
		w w w b 	w . . b 	w . . . 	b . . . )
	Node(
		Played: Yes
		Wins: 1, Draws: 0, Loses: 1, Trials: 2
		MCTS: 1.06
		w . . b 	. . . b 	. . . . 	. . . . 
		. . . w 	. . . . 	. . . . 	. . . . 
		w b . b 	. . . b 	. . . . 	. . . . 
		w w w b 	w . . b 	w . . . 	b . . . )
	Node(
		Played: Yes
		Wins: 1, Draws: 0, Loses: 1, Trials: 2
		MCTS: 1.06
		w . . b 	. . . b 	. . . . 	. . . . 
		. . . w 	. . . . 	. . . . 	. . . . 
		w . b b 	. . . b 	. . . . 	. . . . 
		w w w b 	w . . b 	w . . . 	b . . . )
	Node(
		Played: Yes
		Wins: 2, Draws: 0, Loses: 2, Trials: 4
		MCTS: 0.89
		w . . b 	. . . b 	. . . . 	. . . . 
		. . . w 	. . . . 	. . . . 	. . . . 
		w . . b 	. . . b 	. . . b 	. . . . 
		w w w b 	w . . b 	w . . . 	b . . . )
	Node(
		Played: Yes
		Wins: 18, Draws: 0, Loses: 3, Trials: 21
		MCTS: 1.03
		w . . b 	. . . b 	. . . . 	. . . . 
		b . . w 	. . . . 	. . . . 	. . . . 
		w . . b 	. . . b 	. . . . 	. . . . 
		w w w b 	w . . b 	w . . . 	b . . . )
	Node(
		Played: Yes
		Wins: 1, Draws: 0, Loses: 1, Trials: 2
		MCTS: 1.06
		w . . b 	. . . b 	. . . . 	. . . . 
		. b . w 	. . . . 	. . . . 	. . . . 
		w . . b 	. . . b 	. . . . 	. . . . 
		w w w b 	w . . b 	w . . . 	b . . . )
	Node(
		Played: Yes
		Wins: 5, Draws: 0, Loses: 2, Trials: 7
		MCTS: 1.01
		w . . b 	. . . b 	. . . . 	. . . . 
		. . b w 	. . . . 	. . . . 	. . . . 
		w . . b 	. . . b 	. . . . 	. . . . 
		w w w b 	w . . b 	w . . . 	b . . . )
	Node(
		Played: Yes
		Wins: 942, Draws: 0, Loses: 1, Trials: 943
		MCTS: 1.02
		w . . b 	. . . b 	. . . . 	. . . . 
		. . . w 	. . . b 	. . . . 	. . . . 
		w . . b 	. . . b 	. . . . 	. . . . 
		w w w b 	w . . b 	w . . . 	b . . . )
		Node(
			Played: Yes
			Wins: 30, Draws: 0, Loses: 0, Trials: 30
			MCTS: 1.14
			w . . b 	. . . b 	. . . w 	. . . . 
			. . . w 	. . . b 	. . . . 	. . . . 
			w . . b 	. . . b 	. . . . 	. . . . 
			w w w b 	w . . b 	w . . . 	b . . . )
		Node(
			Played: Yes
			Wins: 30, Draws: 0, Loses: 0, Trials: 30
			MCTS: 1.14
			w . . b 	. . . b 	. . . . 	. . . . 
			. . . w 	. . . b 	. . . . 	. . . . 
			w . . b 	. . . b 	. . . . 	. . . . 
			w w w b 	w w . b 	w . . . 	b . . . )
		Node(
			Played: Yes
			Wins: 30, Draws: 0, Loses: 0, Trials: 30
			MCTS: 1.14
			w . . b 	. . . b 	. . . . 	. . . . 
			. . . w 	. . . b 	. . . . 	. . . . 
			w . . b 	. . . b 	. . . . 	. . . . 
			w w w b 	w . w b 	w . . . 	b . . . )
		Node(
			Played: Yes
			Wins: 30, Draws: 0, Loses: 0, Trials: 30
			MCTS: 1.14
			w . . b 	. . . b 	. . . . 	. . . . 
			. . . w 	. . . b 	. . . . 	. . . . 
			w . . b 	. . . b 	. . . . 	. . . . 
			w w w b 	w . . b 	w . . w 	b . . . )
		Node(
			Played: Yes
			Wins: 30, Draws: 0, Loses: 0, Trials: 30
			MCTS: 1.14
			w . . b 	. . . b 	. . . . 	. . . . 
			. . . w 	. . . b 	. . . . 	. . . . 
			w . . b 	w . . b 	. . . . 	. . . . 
			w w w b 	w . . b 	w . . . 	b . . . )
		Node(
			Played: Yes
			Wins: 30, Draws: 0, Loses: 0, Trials: 30
			MCTS: 1.14
			w . . b 	. . . b 	. . . . 	. . . . 
			. . . w 	. . . b 	. . . . 	. . . . 
			w w . b 	. . . b 	. . . . 	. . . . 
			w w w b 	w . . b 	w . . . 	b . . . )
		Node(
			Played: Yes
			Wins: 30, Draws: 0, Loses: 0, Trials: 30
			MCTS: 1.14
			w . . b 	. . . b 	. . . . 	. . . . 
			. . . w 	. . . b 	. . . . 	. . . . 
			w . w b 	. . . b 	. . . . 	. . . . 
			w w w b 	w . . b 	w . . . 	b . . . )
		Node(
			Played: Yes
			Wins: 29, Draws: 0, Loses: 0, Trials: 29
			MCTS: 1.15
			w . . b 	. . . b 	. . . . 	. . . . 
			. . . w 	. . . b 	. . . . 	. . . . 
			w . . b 	. . . b 	. . . w 	. . . . 
			w w w b 	w . . b 	w . . . 	b . . . )
		Node(
			Played: Yes
			Wins: 0, Draws: 0, Loses: 1, Trials: 1
			MCTS: 0.79
			w . . b 	. . . b 	. . . . 	. . . . 
			w . . w 	. . . b 	. . . . 	. . . . 
			w . . b 	. . . b 	. . . . 	. . . . 
			w w w b 	w . . b 	w . . . 	b . . . )
		Node(
			Played: Yes
			Wins: 29, Draws: 0, Loses: 0, Trials: 29
			MCTS: 1.15
			w . . b 	. . . b 	. . . . 	. . . . 
			. w . w 	. . . b 	. . . . 	. . . . 
			w . . b 	. . . b 	. . . . 	. . . . 
			w w w b 	w . . b 	w . . . 	b . . . )
		Node(
			Played: Yes
			Wins: 29, Draws: 0, Loses: 0, Trials: 29
			MCTS: 1.15
			w . . b 	. . . b 	. . . . 	. . . . 
			. . w w 	. . . b 	. . . . 	. . . . 
			w . . b 	. . . b 	. . . . 	. . . . 
			w w w b 	w . . b 	w . . . 	b . . . )
		Node(
			Played: Yes
			Wins: 29, Draws: 0, Loses: 0, Trials: 29
			MCTS: 1.15
			w . . b 	. . . b 	. . . . 	. . . . 
			. . . w 	. . . b 	. . . w 	. . . . 
			w . . b 	. . . b 	. . . . 	. . . . 
			w w w b 	w . . b 	w . . . 	b . . . )
		Node(
			Played: Yes
			Wins: 29, Draws: 0, Loses: 0, Trials: 29
			MCTS: 1.15
			w . . b 	w . . b 	. . . . 	. . . . 
			. . . w 	. . . b 	. . . . 	. . . . 
			w . . b 	. . . b 	. . . . 	. . . . 
			w w w b 	w . . b 	w . . . 	b . . . )
		Node(
			Played: Yes
			Wins: 29, Draws: 0, Loses: 0, Trials: 29
			MCTS: 1.15
			w w . b 	. . . b 	. . . . 	. . . . 
			. . . w 	. . . b 	. . . . 	. . . . 
			w . . b 	. . . b 	. . . . 	. . . . 
			w w w b 	w . . b 	w . . . 	b . . . )
		Node(
			Played: Yes
			Wins: 29, Draws: 0, Loses: 0, Trials: 29
			MCTS: 1.15
			w . w b 	. . . b 	. . . . 	. . . . 
			. . . w 	. . . b 	. . . . 	. . . . 
			w . . b 	. . . b 	. . . . 	. . . . 
			w w w b 	w . . b 	w . . . 	b . . . )
		Node(
			Played: Yes
			Wins: 29, Draws: 0, Loses: 0, Trials: 29
			MCTS: 1.15
			w . . b 	. . . b 	. . . w 	. . . . 
			. . . w 	. . . b 	. . . . 	. . . . 
			w . . b 	. . . b 	. . . . 	. . . . 
			w w w b 	w . . b 	w . . . 	b . . . )
	Node(
		Played: Yes
		Wins: 0, Draws: 0, Loses: 1, Trials: 1
		MCTS: 0.79
		w . . b 	b . . b 	. . . . 	. . . . 
		. . . w 	. . . . 	. . . . 	. . . . 
		w . . b 	. . . b 	. . . . 	. . . . 
		w w w b 	w . . b 	w . . . 	b . . . )
	Node(
		Played: Yes
		Wins: 3, Draws: 0, Loses: 2, Trials: 5
		MCTS: 0.95
		w b . b 	. . . b 	. . . . 	. . . . 
		. . . w 	. . . . 	. . . . 	. . . . 
		w . . b 	. . . b 	. . . . 	. . . . 
		w w w b 	w . . b 	w . . . 	b . . . )
	Node(
		Played: Yes
		Wins: 2, Draws: 0, Loses: 2, Trials: 4
		MCTS: 0.89
		w . b b 	. . . b 	. . . . 	. . . . 
		. . . w 	. . . . 	. . . . 	. . . . 
		w . . b 	. . . b 	. . . . 	. . . . 
		w w w b 	w . . b 	w . . . 	b . . . )
	Node(
		Played: Yes
		Wins: 1, Draws: 0, Loses: 1, Trials: 2
		MCTS: 1.06
		w . . b 	. . . b 	. . . b 	. . . . 
		. . . w 	. . . . 	. . . . 	. . . . 
		w . . b 	. . . b 	. . . . 	. . . . 
		w w w b 	w . . b 	w . . . 	b . . . )

+++++Pretty Board+++++
w . . b 	. . . b 	. . . . 	. . . . 
. . . w 	. . . b 	. . . . 	. . . . 
w . . b 	. . . b 	. . . . 	. . . . 
w w w b 	w . . b 	w . . . 	b . . . 
++++++++++++++++++++++
BLACK Won!
